241 1 2 4
96 1 3 4 5 6
102 2 5
198 3
257 1 2 4 5
374 1 2 3 4 5
102 3
305 5 6
370 6
867 1
1251 1 3 4 5
887 1 4
1521 4 5 6
1385 3 6
1487 4 5 6
962 1 5 6
1641 5
1001 1 5
1616 5 6
1655 1 2 3 5
1740 2 3 4 6
1077 1 2 3 4 5 6
1784 2 3 4 6
1835 1 2 3 4 5 6
1894 2 3 5 6
1895 1 2 3 4 5 6
1720 1 2 3 4 5 6
2020 2 3 4
2045 1 6
1986 1 2 3 4 5 6
2170 2 3 4 5 6
2105 1 6
2105 2 3 4 5
2253 2 3
2306 1 4 5 6
2260 1 5 6
1746 1 5
0 4
271 5
155 1 2 4 5 6
821 1 2 3 4 5 6
820 1 2 3 5 6
683 3
809 1 2 3 4 5 6
618 4 6
438 3 4 5 6
681 3 4 6
762 1 2 3 4 5 6
867 2 3 5 6
800 1 3 4 6
36 1 3 5
962 2 3 4
1164 1 2 3 4 5
940 1 2 3 4 6
1251 2 6
1385 1 2 4 5
1455 3 4 6
1317 1 3 4 5 6
1409 1 4
1487 1 2
1438 1 2 5
1051 2 4 6
1625 1 2 3 6
1529 1 2 3
1621 4
689 1 2 4 5 6
512 3 5 6
260 3 6
340 2 3 4
271 1 2 4
430 1 2 3 4
102 1 4 6
438 1 2
556 3 5
523 1 2 4
618 5
588 1 2 3
576 5 6
677 1 2 5
0 1 3 5
0 2 6
45 2 4 6
29 2 6
