0 1 2 3 4 5 6
0 7 8
96 1 2 3 4 5 6 7
144 8 1 2 3 4 5 6 7
159 8 1
159 2
248 7 8 1 2
340 2
340 3 4 5 6 7 8 1
435 1 2
516 3 4 5 6 7 8 1 2
558 3
630 5 6 7 8 1 2 3
689 4 5 6 7 8
702 7 8
773 8
773 1 2 3 4 5 6 7
862 1 2 3 4 5 6 7 8
951 1 2 3 4 5 6
971 7 8 1 2
1039 1 2
1109 1 2
1039 5 6 7 8
1094 3 4 5 6 7
1112 8 1 2
1199 8 1 2
1125 3 4 5
1272 6 7 3 4 5 8 1
1313 2 6 7 3
1316 4 5 8 1 2
1316 6
1316 7 3
1386 2 6
1466 1 2 6
1550 7 3 4 5 8 1 2
1618 6 7 3 4 5 8
1712 1 2 6
1712 7 3 4 5 8
1734 7 3
1830 3
1870 4 5 8 1 2 6 7 3
1927 4 5 8
1933 1 2 6 7 3 4 5 8
1947 1 2 6 7 3 4
1958 5 8 1 2 6 7 3
1988 3
1988 4 5 8
2053 1 2 6 7 4 5 8 3
2064 1 2 6
2076 7 4 5 8 3 1 2 6
2081 7 4 5 8 3
2139 1 2 6 7 4 5 8
2196 3 1 2 6 7 4
2203 5 8 3 1 2 6 7 4
2272 5 8 3
2272 1 2 6
2295 7 4 5 8 3 1 2 6
2328 7 4 5 8 3 1 2 6
2419 7 4 5
2482 8 3 1 2 6 7
2566 4 5 8 3 1 2 6
2591 7 4 5 8 3 1 2
2684 6 7
2684 4 5 8 3 1
2748 3 1
2750 8 3 1
2808 3 1
2875 1
2750 2 6 7 4 5
2875 8 2 6 7 4 5 3
2970 7 4 5 3 1
3048 8 2 6 7 4
3048 5
3074 5
3072 3 1 8 2 6 7 4
3127 5 3 1 8 2 6
3321 8 2 4 6 5 7
3366 3 1 8 2 4 6 5
3461 7 3 1
3556 6 5 7 3 1
3461 8
3461 2 4
3556 8
3488 2
3629 7 3 1
3713 4 2 8 6 5 7 3 1
3795 4
3245 8 2 4 6 5
3146 5
3151 3 1 8 2 6 5 7
3164 3
3164 1 8 2 6 5 7
3185 1 8 2 6 5 7 3
3189 1 8 2 6 5 7
3197 3 1
3197 8 2
3197 6 5 7
3290 7 3 1
3127 7 4
3151 4
