195 1
233 4 5 6 7 8 2
2557 8
2600 2 3 6 7 1 4 5 8
2652 2 3 6
2745 7 1 4 5 8 2
2778 3 6 7 1
0 1
0 2 3
31 4 5 6 7 8 2
125 3 1 4 5 6 7
195 8 2 3
3820 1 8 7 4 5 2 3
3857 6 1 8 7 4 5
3882 2 3 6 1 8
3283 6 7 1 8 4 5
3345 6 7 1 8 4 5 2 3
3404 6 7 1
3404 8 4 5 2 3
3448 8 4 5 2 3 6 7
1640 2 3 6 7
1640 1 4 5 8
1671 2 3
1748 2 3
927 8 2 3 1 4 5 6
989 7 8 2 3
1038 8 2 3
1038 6 7
506 3 1 4 5 6 7 8
3590 1 8 4 5 2
3638 3 6 7 1 8 4 5
3712 2 3 6 7 1 8
3727 4 5 2 3 6
3727 7
1275 3 6 7 1 4 5 8
1275 2
1305 6 7 1 4 5 8 2
1377 3 6 7 1
1409 4 5 8 2 3 6 7 1
2958 6 7 1 8 4 5 2 3
3015 6 7 1 8 4 5 2 3
549 2 3 1
629 2 3 1
649 4 5 6 7 8 2 3 1
682 4
2135 8 2 3 6 7
2186 1 4 5 8
2208 1 4 5 8
2246 2 3 6 7 1 4 5
2249 5
3089 6 7 1 8 4 5 2 3
3163 6 7 1 8 4 5
3229 2 3 6 7 1
3229 8 4 5
3276 2 3
340 3 1 4 5 6 7 8
356 2 3
396 5 6 7 8 2 3
452 1 4 5 6 7 8 2
682 5 6 7 8
682 2
732 3 1 4 5 6 7 8 2
741 3 1 4 5
1920 2 3 6
2001 7 1 4 5 8 2 3
2046 6 7 1 4 5 8 2
2071 3 6 7 1 4 5
2778 8 2
2851 8 2 3
2915 8 2 3
2930 2 3
1493 4 5 8
1493 2 3
1550 2 3
1567 6 7 1 4 5 8 2 3
1628 6 7 1 4 5 8
2306 8 2 3 6 7 1 4 5
2370 8 2
2373 7 1 4 5 8 2
2466 3 6 7 1 4 5 8 2
2557 3 6 7 1 4 5
270 3 1 4 5 6 7 8 2
1063 1 4 5 8 2
1151 5 8 2
1245 5 8 2
2778 4 5
2859 4 5
3537 1 8 4 5 2 3 6 7
3548 1 8 4 5 2 3 6 7
3569 1 8 4 5 2 3 6 7
1712 6 7 1 4 5 8
1764 6 7 1 4 5 8 2 3
1834 6 7 1 4 5 8
745 6 7 8 2 3 1
839 4 5 6 7 8 2
862 3 1 4 5 6 7
