1404 2 4
1367 4
2393 3
2473 3
882 4 1
826 1
865 2 3 5 4
870 2
870 3 5
3009 2
1715 4 5 1 3
1641 1 3 2
1791 2 4 5 1 3
1550 2
3267 4 2 3 5 1
3221 4 2 3
3358 4 2
3430 5 1 4 2 3
3244 5 1
3221 5 1
3358 3
2180 3 2 4 5 1
2039 5
2114 5 1
2039 1
2320 1 3 2 4
2271 3 2 4 5
62 4 5
62 1 2 3
0 1 2 3 4
17 5 1 2 3
3076 3 4
3131 4
3159 1 4
3076 5
3105 4
3209 2 3 5 1
2988 2 4 5 1 3
2786 3 2 4
2593 2
2656 4 5 1 3 2
2547 2 4 5 1 3
2904 4 5 1 3
2697 4
2866 5 1 3 2
298 4 5
160 1
222 5 2 3 1
132 2 3
283 4 5 2 3 1
132 1
614 5
614 4 2 3
715 3 1
774 5 4
696 3 1
685 1 5 4 2
746 2 3
696 5 4
3598 5 1 4
746 1
946 1 2 3
921 3
921 5
973 4 1 2 3 5
1018 4
1163 4 3 5 1 2
1173 4 3 5 1
1267 2 4 3 5
1069 2
1069 3 5 1
1041 2 3 5 1
1018 1
3494 5 1 4 2
3598 3
3494 3
3579 3 5 1 4 2
3593 3 5 1 4 2
3632 3
2393 5 1
1866 2 4 5 1 3
1952 2 4 5 1 3
2039 2 4
3034 1 3 4 5 2
3044 1
3044 3 4 5 2
3009 4 5
1483 2 4 5 1 3
1418 5 1 3
1367 3
1367 5 1 2
1319 1 2 4 3
361 2 3 1 4 5
429 2 3 1
458 4 5 2
504 3 1 4 5
519 2 3 1
519 4
550 5 4
607 5 4 2 3 1
