1307 2 1 7 8
1307 6
1307 5
1315 4
1323 3 2
1323 1
1323 7
2059 4
2059 1
1992 7
2059 6 2
2059 3 5
1992 4 1 8
1992 2 3 5
1745 4 1 8 2 3 5
1840 7 6 4
1840 1
1913 8 2 3 5 7 6
1577 8
1580 6 3 1
1629 2
1650 4
1656 5 7 6
1656 3
1656 1
1689 8 2
1562 2
1577 4 5
1577 7
1323 8
1351 8
1392 6 3 2 4 1 5
1474 7 8 6 3 2 4
1474 1 5
1494 1
1494 5
1562 5 7 8 6 3
0 1
0 2
0 3 4 5 6 7 8
95 1 2 3 4 5 6 7
95 8
131 8 1 2 3 4 5 6
131 7
136 7
1051 7
1121 8
1127 6 5 4 2 3 1 7
1215 8 6 5 4
1215 2
1215 3
1240 1 7 8 6 5
1247 4 3
1043 8 6 5 4 2 3
1048 1
977 2
992 4 2
1010 3 1
1034 6 5 4 2 3
1034 1
836 3 1 8
879 2 4 7 6 5
925 3 1
960 8 2 4
960 7
960 6 5
977 8
732 1
732 7
792 2 4 7 6
792 5
792 8
536 8 3 1 7
590 2
590 4
590 6
638 5 8 3 1 7 2 4
732 6 5 8
732 3
362 8 7 1 2 3 4
362 5
435 6 5 8 7 1 2
435 3
501 4 6 5 8
501 7
501 1
506 2 4 6 5
201 8
201 1 2 3
207 4 5 6 7
275 1 2 3 4 5
275 6
275 7
