847 5 1 6 7 8 2 3 4
909 5 1
764 5 1 6 7 8 2 3 4
1566 4 5 1 6 7 8 2 3
1637 4 5 1 6
1516 1 6 7 8 2 3
100 5 6
87 3 4 5 6
1785 2 3 7 8
1717 2 3 7 8
2777 8 4 5 1 3 7 2 6
2693 5 1 3 7 2 6
2655 5 1 3 7 2 6 8 4
244 6 7 8
163 5 6 7 8
100 7 8 1 2 3 4
2263 6 3 7 2 8
2176 2 8
2162 8
2887 6 8 4
2824 8 4 5 1 3 7 2
2012 3 7 8 2 4 5 1
1929 2
1256 1
1254 2 3 4 5 1
73 3 4 5 6 7 8 1 2
66 5 6 7 8 1 2
0 1 2
2323 4 5 1 6 3 7 2
2365 8 4 5
2255 4 5 1
2502 8 4 5 1
2460 8 4 5 1 6 3 7 2
2365 1 6 3 7 2
1647 8
1637 7 8
1647 2 3 7
2537 3 7 2 6
2586 8 4
721 6 7 8 2 3 4
645 8 2 3 4 5 1
635 3 4 5 1 6 7
2162 4 5 1 6 3 7
2086 6 3 7 8 2
546 1
478 1 2 3 4 5 6 7 8
453 1 2 3 4 5 6 7 8
1866 4 5 1 6 2 3 7 8
1929 4 5 1 6
1137 6 7 8 2
1099 2 3 4 5 1
1057 8
967 1 6 7 8 2 3 4
916 6 7 8 2 3 4 5
2527 6
2502 6 3 7 2
1420 1 6 7 8
1420 2 3 4 5
1324 8
546 2 3 4 5
587 6 7 8 2
426 1 2 3 4 5 6 7 8
370 1 2 3 4 5 6 7 8
293 6 7 8
1324 1 6 7
1256 6 7 8 2 3 4 5
163 1 2 3 4
244 1 2 3 4 5
1137 3 4 5
1169 1 6 7 8
1057 5 1 6 7
1018 6 7 8 2 3 4
1018 5 1
