1048 1 3
127 2 3
1055 1 3 6
49 5
540 1 2 4 5
204 4 6
416 2 3 4 5 6
496 1 6
439 4
456 1 2 3 4 5 6
468 1 2 5 6
505 1 2 3 4 5 6
2271 1 2 3 6
667 1 2 3 4 5 6
1648 1 2 3 4 5 6
2212 1 2 3 5 6
2022 1 2 3 6
2314 1 2 3 5 6
126 3
15 1 2 3
10 4
2134 4 5
2843 2 3 4 5 6
2686 4 6
2739 2 5 6
2965 1 2
2834 1 2 3 5 6
2864 3 5 6
2945 1 2 4 5 6
1256 1 2 3 4 5 6
1339 2 3 4 5
1398 2 3
1407 2 3 5 6
1422 3 4
127 5
2650 1 2 3 4 5 6
1392 1
2446 3 4 5
2608 1 2 3 5 6
2482 2 3 4 5 6
2686 2 3 5
2522 1 2 3 4 5 6
583 3 5
2134 3
1048 2 5 6
1949 1 2 3 5 6
2380 1 2 3 5 6
2021 1 3 6
2073 1 2 3 4 5 6
2134 1 2 6
25 3 4
25 1 2
33 1 2 3
135 3
1231 1 2 3 4
204 1 2
560 1 2 3 4 5
1718 1 4
583 4
1835 1 2 3 4 5 6
627 2 3 4 5
668 1 2 3 4 5 6
1906 1 2 3 5
739 1 2 3 4 5 6
866 1 2 3 4 5 6
1847 1 2 3 4 6
1718 2 3 5 6
1769 2 3 4 5 6
42 3
5 1 2 3
0 6
1147 4 5
1627 2 3 4 5 6
1339 1 6
1422 2 5 6
1546 3 4
1517 1 2 4 5 6
1546 1 5 6
1526 1 2 3 5 6
1064 1 2 3 4 5 6
1147 1 2 3 6
1206 1 6
1215 1 2 3 6
1230 5 6
540 6
1012 1 2 3 4 5 6
583 6
703 3 4 6
970 1 2 3 4 5
740 2 3 4 5 6
936 1 2 6
780 1 2 3 4 5 6
5 5 6
350 1
49 2 4 6
53 1 2 3 4 6
350 2 3 4 5 6
125 1 4 6
289 1 2 3 4 5 6
126 1 4 6
