187 1 6
322 3 4
2764 2 3 4 6 7 8
14 4 8
2672 2 3 4 6 7
415 1 3 4
325 2 6 8
552 3 4 5
0 2
0 3 5
339 2 5 6 8
1981 1 2 3 7 8
2033 1 7
2356 3 7 8
2245 1 2 3 4 5 6 7 8
2432 2 3 6 7
2444 3 7
2444 2
2521 2 4
2612 2 3 4 5
2538 1 2 4 5 6 7 8
50 3 4 5 8
1808 1 2 3 4 5 6 7 8
1889 3 4 6
1966 1 2 3 6 7 8
2107 1 2 3 4 5 6 7 8
2272 1 2 3 5 6 7 8
2356 4 6
2356 1 5
1988 4 5 6
1917 4 5
1615 4 6 7
1693 3 6 8
1750 1 3 5 6 7 8
685 7
982 1 7
1471 1 2 4 6 8
1307 1 2 3 5 6 7 8
1889 1 2 7 8
2140 1 2 3 4 5 6 7 8
2039 2 3 4 6 8
2234 1 2 3 4 5 6 7 8
318 2 3 4 6 8
982 2 3 5 6 8
902 1 2 3 4 5 6 7 8
1241 1 2 3 5 6 7 8
1471 3 5 7
1488 3 7
1500 3 5
1545 1 2 3 5
1611 1 2 3 5 8
1693 1 2 4 5 7
1750 2 4
1047 2 6
1343 1 2 3 5 6 7 8
1532 4 6 7 8
1381 1 2 3 4 5 6 7 8
738 1 2 3 4 5 6
776 1 2 3 4 5 6 7 8
982 4
855 1 2 3 4 5 6 7 8
552 6
1112 1 2 3 5 6 7 8
0 1 6 7
1203 1 2 3 4 5 6 7 8
1102 1 2 4 6 7
1226 1 2 3 4 5 6 7 8
1047 3 5 8
0 8
316 1 2 3 4 6 8
62 1 2 6 7
565 2 6
583 1 2 6 7 8
684 1 2 3 4 5 8
642 1 2 3 4 5 6 7 8
316 5
115 1 2 3 4 5 6 7 8
319 1 7
379 1 7
417 1 3 4
512 1 2 3 4 5 6 7 8
419 2 5 6 7 8
552 7 8
187 2 3 4 5 7 8
222 1 2 3 4 5 6 7 8
