672 1 2 3
683 1 2 3
587 5 6 7
568 2 3 4 5 6 7
388 3 5 7
341 1 3 4 5 7
877 1 2 3 4 5 6 7
763 1 3 6 7
689 4 5
689 1 2 3 6 7
606 5 6 7
510 1 2 3 5 6 7
1331 1 5 7
1177 1 2 4 5 6
1271 1 2 5 7
1008 1 3
966 1 3 4 6 7
469 1 3 4 5 6 7
873 2 7
874 1 3 4 5 6
846 1 2 3 4 5 6 7
821 3 4 5 7
763 2 4 5
734 1 2 3 6 7
587 1 2 3 4
131 1 5 6 7
1334 2 3 6
1285 3 4 6
1331 2 3 4 6
1181 3 7
1203 3
1110 1 2 3 4 5 6 7
1008 2 6 7
1104 1 2 3 4 5 6 7
1819 1 2 3 5 6
1819 4
1721 1 6 7
1748 1 2 3 4 5 7
1419 1 3 4 5 6 7
873 1 3 5 6
2482 2
2482 1 3 4 6
2358 1 2 3 5 6
2389 1 2 3 4 5 6 7
2264 5
2239 1 2 3 4 5 6 7
966 5
325 1 2 3 4 5 6 7
341 2 6
131 2 4
241 1 2 4 6
87 2 3 4 5 6 7
131 3
0 2 5 6 7
1615 1 2 4 5 6
1651 1 2 3 5 6 7
1578 5
1578 1 2 4 6 7
1375 1 2 3 4 5 6 7
1488 1 2 4 6 7
1177 3 7
311 1 2 3 5 6 7
388 1 4
241 3
217 1 2 3 4 5 6 7
87 1
42 1 2 3 4 5 6 7
40 1 2 3 4 6 7
2139 1 2
2139 5 6 7
2103 1 2 3 6
2024 1 2 3 4 5 6 7
2000 1 3 5 7
1958 2 3 4 6 7
1954 1 5
1872 2 3 5 6
2264 1 2 3 4 6 7
2203 1
2167 3 4 5 6 7
1851 4 7
1595 1 2 3 4 6 7
1825 4 7
1050 2 4 5 6 7
