219 1
141 1 2 3
110 1 2
16 2
1971 1
1585 1 3
389 1 2 3
2528 1 2 3
16 1 3
13 1 2 3
169 1 2
242 1
295 1 2 3
1104 1 2
1067 1 2
1166 1
1527 1 2
1585 2
188 1 2 3
1612 1 3
847 1 2 3
893 1 2
1024 1
95 1 2
108 1
2690 1 2 3
279 1
2410 2 3
2691 2 3
2623 1 2
2677 1 2 3
2679 2 3
2611 1 2 3
2623 3
2270 3
2823 2 3
2925 1 2 3
2409 2 3
2892 2 3
2776 2 3
2973 1 3
147 1 2
72 1
765 1
2517 1 2 3
2347 1 2
2486 1 2 3
2067 1
2409 1
2367 1 2 3
2270 1 2
2309 1 2
2130 2 3
1210 2 3
765 2 3
2192 1 2
1884 1 2
2188 1 2 3
2264 1 2 3
1764 1 2 3
662 1 2 3
1341 1 2
1676 1 2 3
1608 2
1697 1 2 3
893 3
1527 3
566 1 2
1971 2 3
695 1 2 3
1395 1 2 3
1853 1 3
1966 3
1984 2 3
0 1 2 3
659 3
636 1 2 3
477 1 2 3
598 3
480 1 2 3
566 3
147 3
430 1 2 3
449 1 2 3
219 2 3
312 1 2 3
1024 2 3
1252 1 2 3
1279 1 2 3
1166 2 3
1067 3
981 1 2 3
1115 3
1464 1 2 3
1884 3
8 1 2 3
2044 1 2 3
72 3
1341 3
2067 2 3
