537 8
1704 1 2 3
2932 3 4 8 2 5 6 1
1745 4 5 6 7 8 1 2 3
1585 3 4 5 6 7 8 1 2
75 7 8 1
393 8
75 2 3 4 5 6
1909 6 7 8 1 2
1651 3 4 5 6 7 8
1760 4 5 6 7 8 1 2
59 5 6 7 8 1
1938 6 7 8 1 2 3
1952 4 5 6 7 8 1 2
1965 3 4 5 6 7 8 1 2
1977 3 4 5 6 7 8
2019 1 2 3 4 5 6
31 6 7 8 1 2 3 4
1131 2 3 4
1165 4
1219 1 2 3 4 5 6 7 8
1238 1 2 3 4 5 6 7
1280 8 1 2
1332 3 4 5 6 7 8
1353 1 2 3 4 5 6 7 8
1371 1 2 3 4 5 6 7 8
1463 1 2 3 4
1527 5 6 7 8 1
1909 3 4 5
0 1 2 3 4 5
97 7 8 1 2 3 4
171 5 6 7
200 5 6 7
216 5 6 7
171 8 1
268 1 5 6 7
293 6 7
314 5 6 7
314 4 8 1
352 2 3 4 8 1 5 6 7
393 2 3 4
2102 7 8 1 2 3 4 5
2182 6 7 8 1 2 3 4 5
2209 6
2209 7 8
2209 1 2 3
2477 4 5 6 1
2491 4 5 6 1
2579 5 6 1
2572 8 2
2651 7 3 4 8 2 5 6 1
2718 7 3 4 8 2 5 6 1
2765 7 3 4 8 2
2765 5 6 1
2850 5 6 1 7 3 4
2878 8 2 5 6 1 7
3006 7 3 4 8
3006 2 5 6
3087 1 7 3 4 8 2 5
3156 5
3245 6 1 7 3 4 8 2 5
3318 6 1 7 3 4 8 2 5
3322 6 1 7
3372 3 4 8 2 5 6 1 7
1789 3 4 5
1567 8 1 2
1884 6 7 8 1 2 3 4 5
1546 2 3 4 5 6 7
932 2 3 4 1 5
960 6 7 8 2 3 4
960 1
1040 5 6 7 8 2 3 4 1
1131 5 6 7 8
2247 4 5 6 1
2275 2 3 4 5 6 1 7 8
2334 2 3 4 5 6 1 7 8
2343 2 3 4 5 6
2406 1 7 8 2 3 4 5
2409 6 1 7 8 2 3
2426 4 5 6 1 7 8 2
2468 3 4 5 6 1
2468 7
2468 8 2
2477 8 2 7 3
537 1 5 6 7
537 2 3
600 4 1
631 5 6 7 8 2
706 8 2
754 3 4 1 5 6 7 8
813 2 3 4 1 5 6
864 7 8 2 3
896 4 1 5 6 7 8
454 1 5 6 7 8 2 3 4
