1057 1 2 3 4
912 1 2 3 4
981 1 3 4
1136 3 4
1217 1 2 4
1186 3 4
1286 1
855 1 2 4
622 3
1286 2 3 4
1393 1 2 3 4
1423 2 3 4
1342 2 3 4
1483 1 2
1483 3 4
1511 1 2 3 4
1577 2 3 4
1136 1 2
1642 1 2 3
1642 4
1751 3 4
1724 1 2 3 4
1751 1 2
1866 4
1835 3 4
1830 1 2
2007 1 4
2007 2 3
1885 1 2 3
2051 1 4
2089 2 3
2275 1 2 3 4
2238 1 2 3 4
2161 1 2 3 4
2367 4
2022 1 4
2103 4
2235 1 2 3
2398 4
1965 1 2 3
2367 1 2 3
2430 1 2 3 4
2434 2 3 4
2493 1 2 3 4
2542 2 3 4
2532 2 3 4
2641 1 2 3 4
2548 2 3 4
2659 1 2 3 4
0 1 2 3 4
127 1 2 3 4
31 1 2 4
31 3
138 2 4
215 1 3
215 2
220 1 3 4
184 2 4
134 1 2 3 4
274 1 2 3 4
276 1 2 4
138 1 3
379 1 4
379 2 3
312 1 2 3 4
440 4
440 1 2 3
532 1 2 3 4
614 1 2 3 4
545 4
545 1 2
622 1 2 4
696 1 2
696 4
783 1 2 3 4
825 1 2 3 4
855 3
