1620 6 5 3 8
1686 1 4 2 7 6 5 3
1755 8 1 4 2 7 6 5
1817 3 8 1
2017 2
2035 8 1 5 2
2035 7 6 3
2061 7 6 3 8
1961 1 4 2 7 6 5
2017 5
2017 3 8 1 4
2026 4
3216 2 6 7 5 3 1 4
3302 4
3387 8 2 6 7 5 3 1 4
3412 8 2 6 7 5 3 1 4
1233 7 6 5 3
1307 7 6 5 3
1388 8 1 4 2 7
1388 6 5 3
664 2 7 8 1 6 5 3
664 4
751 4 2 7 8 1 6 5
816 3 4 2 7 8
423 5 3 4 7 8 1 2
482 6 5 3 4 7
529 8 1 2 6 5 3 4
550 7 8 1
113 2 3 6
185 7 8 1 2 3 6 5
229 4 7 8 1 2
229 3
82 4 6 7 8 1 2 3 5
89 4
104 5 4
89 6 7 8 1
2821 1 4 8 2 6
2848 7 5 3 1
2937 7 5 3 1
2972 4 8 2 6 7 5 3
1446 6 5 3 8 1 4 2
1514 7 6 5 3
1544 8 1 4 2 7
920 4 2 7
980 8 1 4 2 7 6 5
981 3 8 1 4
245 6 5 3 4 7 8 1 2
251 6
330 7 8 1 2 6
1043 2 7 6 5 3 8 1 4
1048 2 7 6 5 3 8 1 4
1049 2 7 6
2678 5
2678 3
2769 8 2 6 7 5 3
2232 4
2242 1 5 6 3
2268 5 6 3
2297 8 2 7 1 4
2353 4
2410 1 4
1112 7 6 5 3 8
1157 7
1179 6 5 3 8 1 4 2
0 1 2 3 4
0 5
15 6 7 8 1 2 3
2498 7 5
2569 6 7
2629 5 3 1 4 8 2 6 7
2498 4 8 2
2537 1 4 8 2
2537 3
3136 1 4
3140 8
3140 2 6 7 5 3
2065 1 5 2 7 6 3 8
2156 4 1 5
2156 2 7
1852 4 2 7 6 5 3 8
1892 8
1897 7 6 5 3 8
2352 5 6 3
2395 5 6 3
2481 8 2 7 5 6 3 1
1049 5 3 8
1057 1 4 2
1153 1 4 2
2182 6 3 8 2 7
2223 6 3 8 2 7 4 1 5
2232 6 3 8 2 7
3016 1 4
3101 8 2 6 7 5 3 1 4
3136 8 2 6 7 5 3
816 1
909 5 3 4 2 7 8 1
920 6 5 3
550 2
566 6 5 3 4 2 7
650 8 1 6 5 3 4
