918 1 2 3 6
399 3 7 8
1792 1 2 3 4 7 8
1823 1 3 4 5 6 7 8
1938 4 5
2116 1 2 3 4 5 6 8
2041 1
64 1
364 1 2 3 4 5 6 7 8
679 1 7
483 1 2 3 5 6 8
518 1 2 3 5 6
2181 1 3 5 6 7
2250 1 3 4 5 6 7 8
1493 1 2 3 4 7 8
1589 3 6 7 8
1516 1 2 3 7 8
399 1 5
241 6 8
679 2 3 5 6 8
918 5 7 8
86 2 3 4 5 6 7 8
154 1 3 4 5 6 8
605 1 2 3 4 5 6 7 8
712 1 4 7
774 1 2 3 4 5 6 7
2317 1 2 5 6 7
1938 1 2 3 6 7 8
2389 1 2 3 4 5 8
175 4
730 4 7
518 4 7 8
28 2 7
871 1 2 3 4 5 6 8
774 8
337 6
393 2 6
434 2 8
434 1 3 5 6 7
469 1 3 4 5 6 7
1589 1 2 5
1706 2 3 4 5 7 8
1655 1 2 3 4 6 7 8
1624 1 2 5
56 2 3 7 8
175 1 3 5 6 8
237 6 8
1248 4 5
1332 1 2 3 4 5 6 7 8
424 1 5
1424 1 2 3 4 5 6 7 8
0 3 8
480 1 2 3 5 6 8
1006 3 4 5 7 8
1101 5
1101 1 2 4 6 7 8
1006 1 6
1186 1 2 3 4 5 6 7 8
1248 2 6
1260 1 2 3 6 7 8
1867 1 2 3 5 6 7 8
2173 1 2 3 4 5 6
1815 1 2 3 4 5 6 7 8
2181 2 4 8
2052 3 6 8
2029 2 4 5 7
2233 2
2273 1 2 3 4 5 6 7 8
229 2 4 7
330 1 2 3 4 5 6 7 8
141 5 6 8
0 1 4
337 1 2 3 4 5 7
810 1 2 3 4 5 6 7
1105 1 2 3 4 7 8
40 2 3 7
141 2 7
237 1 5
260 1 3 5 6 8
0 5 6
318 2 3 4 5 6 7 8
931 2 3 4 5 7 8
971 1 2 3 4 5 6 7 8
2416 1 3 4 5 8
2478 4
2478 1 2 3 5 6 7 8
0 2 7
393 1 3 4 5 8
470 4 7
