2494 6 1 4
2535 2 5 3 8 7 6 1 4
2536 2 5
2422 1 4
1195 1 2 4 5 6 3 7 8
1206 1 2
1171 3 7 8
1103 7 8
1792 4
1792 2 6 3 7 8
1792 5
1709 6 3 7 8 5 1 4
1872 1 4 2 6 3 7 8
1699 5 1 4 2
963 7 8 4 5 6 1 2
963 3
868 8 4 5 6 1 2 3
803 4 5 6 1 2 3 7
1015 3 7 8
3368 3 8 6 2 5
3302 2 5
3365 3 8 6 2 5
2368 2 5
2414 2 5
2414 3 8 7 6
2382 2 5
2414 1 4
59 8 1 2
134 3 4 5 6
369 3 4 5 6 7
59 3 4 5 6 7
0 1 2 3 4 5 6 7
285 6 7 8 1 2
193 7 8 1 2 3 4 5
442 8 1 2 3 4 5 6 7
2829 6 1 4 2 5 3 8 7
2918 6 1 4 2 5 3 8
2754 4 2 5 3 8 7
2953 7 6 1
728 3 7 8
697 7 8 4 5 6 1 2
2208 8 6 2 7
2271 5 1 4 3 8
2271 6 2
2108 2 7
2123 8 6 2 7
3398 1 4 7
3116 6 1 4
3033 4 2 5 3 8 7
3116 2 5 3 8
3164 7 2 5 3 8 6 1 4
3165 7 2 5 3 8
2368 7 6
2361 7 6 2 5 1 4 3 8
1103 3
2536 3 8 7 6
2587 1 4 2 5 3 8 7 6
2673 1 4 2 5 3 8 7
2678 6 1 4
2684 2 5 3 8 7 6 1 4
2714 2 5 3 8 7 6 1
1368 6 3 7 8 5 1 4
1206 5
1267 4
1206 4
1267 2
1348 1 4 2
1613 5 1 4 2 6 3 7 8
1521 3 7 8
3622 5
3674 1 4 7 3 8 6 2 5
3551 7 3 8 6 2 5
3478 3 8 6 2 5 1 4
1073 4 5 6
1103 1 2 4 5 6
1077 1 2 4 5 6
1015 5 6
2091 5 1 4
2027 7 8
2091 7 8
1938 5 1 4
2091 3
2027 4
2097 3
2039 6
3276 8 6
3165 6
3276 1 4 7 2 5 3
3302 1 4 7
3216 2 5 3 8 6
1436 2 6 3 7 8 5 1
1521 4 2 6
451 8 1 2 3 4 5 6 7
456 5 6 7 8 1
609 4 5 6
534 2 3 4 5 6
534 7 8 1
455 8 1
609 1 2 3
1015 4
