3394 1
3403 1
3461 1
3499 1
3544 1
3577 1
3637 1
3670 1
3702 1
3780 1
3797 1
3829 1
3902 1
3958 1
3993 1
1792 1
1877 1
1926 1
1967 1
2018 1
2031 1
2033 1
2119 1
2179 1
1537 1
1628 1
1662 1
1701 1
1733 1
173 1
188 1
238 1
327 1
2746 1
2824 1
2877 1
58 1
73 1
140 1
941 1
1000 1
1001 1
1039 1
1101 1
1133 1
1212 1
1301 1
1317 1
4045 1
4141 1
4165 1
4191 1
4223 1
4244 1
4330 1
4391 1
4394 1
0 1
51 1
2632 1
2650 1
2653 1
2659 1
1367 1
1429 1
1484 1
1501 1
1506 1
1527 1
4467 1
4502 1
4524 1
4568 1
4590 1
4684 1
365 1
430 1
511 1
581 1
582 1
2957 1
3001 1
3087 1
3151 1
3231 1
3258 1
3320 1
652 1
735 1
749 1
828 1
881 1
2259 1
2324 1
2419 1
2426 1
2439 1
2511 1
2598 1
2599 1
