693 3 4
1116 1 2 3 4 5
822 1 2 4
1348 1 2 3 4 5
878 1 2 3 4 5
973 4
1489 1 2 3 4 5
1718 1 2 3 4 5
1076 1 2 3 4
1791 1 2 3 4 5
1959 1 2 3 4 5
1883 2 3 4
1807 1 2 3 4 5
1883 1 5
2058 2 3 4
2063 2 3 4
2020 2 3 4 5
2086 1 3 4 5
2058 1 5
2157 1 3 4 5
2015 1 2 3 4 5
2165 1 2 3 4 5
2308 1
2394 2 3
2392 1 4 5
2308 4 5
0 1 2 3
115 1 2 3 4
0 4 5
88 1 2 3 4
14 1 2 3
48 1 2 3
195 4
280 2 3 5
474 2 3 4 5
510 2 3 4
88 5
312 1 4
390 2 3 4 5
510 1 5
236 1 4
365 2 3 5
551 2 3 4 5
527 2 3 4 5
607 2 3 4 5
822 3 5
551 1
722 1 5
973 1 2 3 5
693 1 2 5
677 2 3 4 5
1008 1 2 3 5
788 1 2 3 4 5
1048 5
1203 1 3 4
1287 1 2 3 4 5
1151 2
1048 1 2 4
1434 1 2 3 4 5
731 1 5
1169 1 3 4 5
1219 2 5
1566 1 2 3 4 5
1579 2 3 4 5
1562 2 3 4 5
1175 1 3 4 5
1665 2 3 4 5
1625 1
1151 1 4 5
2172 1 2 3 4 5
2464 1 3 4 5
1606 1
2217 1 2 3 4 5
2308 2 3
2410 2 3
2504 1 2 3 4 5
2451 2 3 4 5
2490 2
2086 2
2580 1 2 3 4 5
2599 1 3 4
2599 5
2677 1 2 3 4 5
2623 1 2 3
2746 1
2638 2 3 4
2859 1 4
2629 1 2 3 4
2909 1 2 3 4 5
2944 2 3 4 5
2720 2 3 4 5
2841 1 4
3002 5
2815 2 3 5
2976 1 2 3 4
120 1 2 3 4 5
210 2 3 5
220 1 4
121 1 2 3 4 5
195 1 2 3 5
