541 5 4
583 6 3 7
1177 6 1
1196 4 7
1260 6 1 4 7
831 4 6 3 7
856 1 5
913 2 1
990 1
913 5
1231 2 3
1246 2 3
1323 2 3
1366 3
1001 3
1001 7
1087 3
1064 5 7 2
1087 7 2
1150 3
153 1 3
211 6 7 1 3
914 4 6
992 4 6
990 3 7 5 2
1059 2 1 4 6
494 1 2
520 2
596 2
153 4
301 2 5 4 6
301 7 1 3
325 7
1284 5
1287 6 1 4
1302 7 5 6
1327 1 4 7 5
1347 6 1 4 7
1064 1 4
1068 6 1 4
1094 5 6 1
1110 4 7 2 5
736 5 2 4
773 6 3 7
792 1 5 2
1121 6 1 4
1121 7 2 5
1196 5
520 7 1
583 1
0 1 2 3 4
40 4
108 3 4
40 5 6 7 1
120 2 5 6 7
604 5 4
646 1 5
660 4 6 3
660 7
731 1 5 2 4
736 6 3 7 1
399 7 1
399 3
450 5 4 6 3
479 2 7
368 1 3 2
368 5 4 6
