65 7 5 1
70 3
846 4 6
874 5 2 4
880 6 1 7
455 7 6 2
508 7 6 2 5
508 1 3 4
880 3
916 1 7 3
883 5 2
290 5 1
337 2 5 1 3
377 5 1 3
377 2
787 2 3 4 1
807 7 6 5 2
816 6 5 2
515 1 3
532 4 1
555 1
909 4 5 2 6
922 4 5 2
939 6 1 7 3
607 7 6
653 7 6
642 2
687 1 2
696 1 2
696 3 7 6
225 6 4
233 6 4 7
279 7
316 3 6 4 7
607 1
653 1
538 3 7 6
555 2 5 4
584 2 5 4
590 3 7 6 1
206 2 5 1 3
243 3
759 7 6 5
759 4 1
734 5 4 1 2
423 2 5
431 1 3 4
470 5 1 3 4
129 2 6 4
158 7 2 6 4
162 5 1 3
0 6 7
2 6 7
43 6 7 5 1
65 2 6
742 3
172 7
204 6 4 7
225 7
607 2 5 4 3
0 1 2 3 4
0 5
43 3 4
91 4 7 5 1
111 3 2 6
126 3
139 5 1 3
807 3 4
826 1 7 3
858 7 3
867 1 7 3
243 2 5
282 1 2
337 6
387 4 7 6 2
419 4 7 6
