520 5 6 7 8
520 4
605 5 6 7 8
451 6 7 8
1724 1 6 5 7 8 4 2 3
1680 1 6 5 7 8 4 2 3
1605 4 2 3 1 6
1668 5 7 8 4 2 3
1809 1 6 5 7
1878 7 8 4 2 3 1 6 5
1881 7 8 4 2 3 1 6 5
1817 8 4 2 3 1 6 5
2479 8 3 1 6
2524 8 3 1 6
2537 6
2579 6
3597 4 2 8 3 1 6 7 5
3637 4
3620 4
3637 2 8 3 1 6 7 5
2848 6
2803 1 6
2734 3 1 6
2872 8 3 1 6
991 5 6 7 8 1
991 2 3 4
1009 5
1070 6 7 8 1 2 3 4 5
1261 5 6 7 8 1 2 3 4
1152 6 7 8 1 2 3 4 5
1165 6 7 8 1 2 3 4 5
1177 6 7 8 1 2 3 4
3789 5 3 1 6 7 4 2
3796 8 5 3 1
3796 6
3689 3 1 6 7
2176 8
2110 8
2022 8
2096 8
1428 7 8
1367 6 7 8
1275 6
2059 1 6 7 5
2044 5 4 2 3
2022 4 2 3 1 6
55 8 1 2 3 4 5 6 7
0 1 2 3 4 5 6 7 8
22 1 2 3 4 5 6 7
215 2 3
154 8 1 2 3
66 8 1 2 3
3353 1 6 7 5 4 2 8
3322 1 6 7 5 4 2 8 3
3278 6 7 5 4 2 8 3
723 2 3 4 5
675 1 2 3 4 5
710 4 5
3096 1
3020 1
3192 6 7 5 4 2 8 3 1
2921 7 5 4 2 8 3 1 6
2922 7 5 4 2 8 3 1 6
2907 7 5 4 2 8 3 1 6
2079 4 2 3 1
2174 6 7 5 4 2
2242 3 1 6 7 5 4 2 8
1367 1
1367 2 3
1510 4 2 3 1 6 5 7
2620 7 5 4 2 8 3 1 6
2639 7 5 4 2 8 3 1
2677 6 7 5 4 2 8
3689 4 2 8
3692 4 2 8
3693 4 2 8
385 8 1 2 3 4 5
311 2 3 4 5 6 7
215 4 5 6 7 8 1
909 5 6 7 8 1 2 3 4
881 4
785 6 7 8 1 2 3 4
1605 5 7 8
1566 8 4 2 3 1 6
1524 8 4 2 3 1 6 5 7
3520 2 8 3 1 6 7 5
3443 8 3 1 6 7 5 4
3366 3 1 6 7 5 4 2
1925 7 8 4 2 3 1 6 5
1969 7 8 4 2 3 1 6 5
2022 7
2479 7 5 4 2
2290 3 1 6
2385 7 5 4 2 8 3 1 6
2923 7 5 4 2
3020 5 4 2 8 3
2924 8 3 1 6 7
1367 5
1303 7 8 1 2 3 4 5
1275 5
