2197 1 2 3
2257 1 2
2106 1 2 3
696 1 2
292 1
1252 1 2 3
1268 1 2
1078 1 2
1766 1 2 3
1718 1 2
1462 1 2 3
1002 1 2
1005 1 2
1268 3
498 1
952 1 2
1045 3
1185 1 2 3
72 2
167 1 2 3
499 2 3
348 3
578 1 2
310 2 3
869 1 2 3
329 2 3
662 1 2
421 3
952 3
2034 1 2 3
2007 1 2 3
820 1 2 3
749 1 2 3
456 1 2
201 1 2 3
248 1 3
130 3
251 1 2 3
292 2 3
83 1 3
130 1 2
0 1 2 3
12 2 3
1167 1 2 3
662 3
1087 1 2 3
613 1 2 3
1293 3
1921 1 2 3
1884 1 2 3
12 1
995 1 2
971 1 2
1792 1 2 3
1696 3
831 1 2 3
364 1 2
1410 1 2 3
1520 3
1319 1 2
1520 1 2
1575 1 2
1626 1 2 3
582 2 3
1696 1
