266 1 2 3 4 5 6 7 8
344 1
356 1
356 8
356 7
356 6
356 5
356 4
356 3
356 2
359 4
360 8
362 8
446 2
450 7
450 3
450 2
450 1
450 6
453 1
453 5
454 8
456 8
457 2
459 5
0 1 2 3 4 5 6 7 8
429 1
440 1
440 4
440 8
440 7
440 2
440 6
440 5
441 3
442 6
443 4
444 4
401 3
411 4
411 3
411 1
411 8
411 5
411 7
411 6
411 2
412 7
413 3
416 7
388 6
390 6
391 8
391 4
394 2
394 5
395 2
395 7
396 4
398 1
399 7
400 8
374 6
383 6
383 8
383 7
383 4
383 2
383 1
383 5
384 8
384 3
387 3
387 2
180 1 2 3 4 5 6 7 8
363 5
364 5
364 1
365 4
366 8
366 2
367 6
369 4
370 3
371 7
372 4
372 1
94 1 2 3 4 5 6 7 8
416 5
419 2
419 5
419 4
420 8
422 8
423 6
424 1
425 4
426 4
427 7
428 3
