3388 1
3167 2
628 2
3446 2
3416 1
3303 1 2
3717 1 2
3560 1 2
3520 1 2
3446 1
3440 1 2
3636 1 2
3618 1 2
3784 1 2
3756 2
3830 1
3876 1 2
3830 2
3943 1
4012 2
3943 2
4122 1 2
4108 1 2
3259 1 2
4124 1 2
4137 2
4012 1
1204 1 2
902 2
1285 1 2
1615 1 2
1342 1 2
1456 1 2
1461 1 2
1370 1 2
976 1 2
1490 1
1483 2
1545 2
1483 1
1904 1 2
1702 1 2
1972 2
2066 2
1972 1
2191 2
1860 1 2
2066 1
2306 2
2217 1 2
2430 1 2
2366 1 2
2494 1 2
2477 1 2
2152 1 2
2496 2
1721 1 2
2593 1 2
2589 1 2
2306 1
2314 1
2673 1 2
2671 2
2828 1 2
2840 2
2914 1 2
2765 1 2
2984 2
2782 1 2
3194 1 2
3167 1
3073 1 2
3210 2
1183 2
1113 1 2
1031 1 2
717 2
754 1
902 1
837 1 2
1775 1 2
69 2
628 1
708 1
560 1 2
1729 1
516 1
421 1 2
382 1 2
87 1
139 1 2
5 1 2
225 1 2
69 1
109 1
304 1
32 1 2
0 1 2
14 1 2
4185 1 2
