169 5
223 1
223 7
180 1
451 7
198 3
147 7
198 2
198 4
140 3
159 1
446 3
365 4
371 4
455 4
0 6
423 7
432 3
384 8
344 3
61 8
76 1
83 4
93 2
102 5
165 2
117 3
120 4
305 4
312 8
273 4
324 7
353 1
343 7
341 1
39 5
31 5
0 5
204 2
255 8
291 1
265 7
291 3
259 1
0 3
80 3
355 6
495 3
456 3
0 4
298 5
298 2
379 5
272 5
207 8
153 8
131 8
351 2
394 2
394 1
433 1
516 6
506 5
506 6
436 6
506 2
13 7
0 7
0 2
76 2
52 2
52 1
262 5
199 6
228 6
194 5
295 6
0 8
17 8
124 6
8 8
40 6
0 1
90 7
83 7
58 4
377 8
129 5
157 5
