1139 1 2 3 4 5 6 7
1044 2 3 6
1044 1 4 5
1035 1 2 3 4 5 6 7
996 2 3 5
996 4 6 7
1008 1 4 7
1079 1 4 5
968 1 2 4 5 6 7
902 1 2 3 5 6
819 1 2 3 4 5 6 7
960 6
803 2 3 4 6
897 4 7
782 1
752 1 2 3 4 5 6 7
782 2 4 5 6 7
704 1 2 3 4 5 6 7
612 1 2 3 4 5 6 7
583 2 4 5 6 7
517 2 3 6 7
501 1 5 6 7
242 4 5 7
484 1 2 3 4 5 6 7
419 1 3 4 5 7
404 1 2 3 4 5 6 7
33 3 7
40 1 6
0 2 3 5 7
392 6 7
370 1 2 3 5
367 4
276 3
344 1 2 5 6 7
278 1 2 4 5 6 7
243 1 2 3 6
153 1 2 4 6 7
217 3 5
153 3 5
103 1 3 4 5 6 7
31 2 4 5
0 1 6
