1466 1 3 6 7
1011 4
2404 2 3 4 5 6 7 8
1404 1 6 8
2312 2 3 4 5 7
2477 2 3 4 5 8
2371 2 3 4 5 8
1496 1 3 6 7
256 3 6 8
2477 1 6 7
2539 8
2579 1 2 3 4
2230 1 2 3 4 5 6 7 8
2580 1 2 3 4
2992 1
3134 3 6 7
3078 1 2 3 4 6 7 8
3134 2 8
3254 1 4 8
3229 2 3 4 5 7 8
111 3 6
668 1 3 5 7
760 1 2 3 4 5 7
820 6 8
845 1 6 8
902 1 6 8
668 2 4 6 8
952 2 3 5 7
909 1 6 8
1011 1 2 3 5 6 7 8
1067 1 4 7
1179 1 2 3 7
1154 2 3 4 5 6 8
1251 1 2 3 5 7 8
1255 1 4 8
1076 1
1255 2 3 5 6 7
1508 1 3 6 7
1519 2 4
1654 1 2 3 5 7
1719 2 3 4 5 6 7 8
1795 1 2 3 4 5 6 7 8
1810 1 2 5 6
1810 3 4
1947 1 2 3 4 5 6
2002 2 3 4 5 6 7 8
2066 1 2 4 8
2066 3 6 7
2081 3 5 6 7
1846 2 3 4 5 6 7 8
1882 1 2 3 4 5 6 7 8
2144 1 2 4 8
2177 3 5 6 7
2225 1 2 3 4 5
1174 1 2 3 4 5 6 7 8
1179 4 5 6 8
1317 1 4 8
1388 2 3 4 5 7
1514 1 3 5 6 7 8
1461 2 4 5 8
1576 8
507 6 8
1567 1 3 5 6 7
1333 2 3 5 6 7
1144 1 7
734 6 8
1060 2 3 5 6 8
1028 1 2 3 4 5 7
1145 4
1076 4
63 1 2 4 5 7
58 1 2 3 4 5 7
2539 5 6 7
2579 8
2543 5 6 7
2625 1 2 4 5 8
179 1 2 4 5 7
221 1 2 4 5 7
237 2 3 4 5 6 7 8
20 4 6 7 8
20 1 2 3 5
0 1 3 4 5 7
2992 3 4 5 6 7 8
55 6
817 2 3 4 5 7
131 1 2 3 4 5 6 7 8
2833 2 3 4 5 6 7
2642 1 2 3 4 5 8
256 1 2 4 5 7
494 1 2 3 4 5 7
407 1 2 3 4 5 6 7 8
318 1 2 3 4 5 6 7 8
577 1 2 3 5 6 7 8
2726 1 2 3 4 5 6 7 8
2604 6 7
863 2 3 4 5 7
2743 1 2 3 4 5 6 7 8
2616 1 2 3 4
0 2
2927 1 2 3 4 5 6 7 8
