16 1
16 6 7
17 5 3 8
64 5 1 2
65 7 5
65 1 2
28 1 2 8
29 1
29 2 8
39 2 8
40 2
40 8
58 3
60 5 7 3
62 7 3
41 5 3 6
42 7 1 8
44 7 1 8 4 5 3 6
45 7
45 1 8 4 5
48 4 5 7
0 1 2 3 4 5 6 7
1 8 1 2 3 4 5 6
1 7
2 8
2 1 2 3 4 5 6
59 4
59 1
63 8 5 1 2
23 2
25 2 8
25 6 7 1
14 4
15 5 3 8
15 2 1
16 2
54 8
54 7 3
56 5 7
49 7
50 1 8
50 3
53 1 8 7 3
12 6 7 3
13 6 7
13 3
8 1
11 1
8 2
14 8 2
56 3
56 1 6
57 3 8 2 4
58 8 2 4 1
59 6 8
59 2
45 3 6 2
47 1 8
48 1 8 3
49 6 2 4 5
35 2 8
37 4 6 7 1
38 2 8
21 3
23 3
27 3
29 5 3
18 4 2
19 4
19 2 1
54 5 2 4
54 1
55 2 4
20 8 6 7
21 5
24 5
32 7 1
33 1
33 7
35 4 6 7 1
37 5 3
38 4
38 6 7 1
53 6
53 2 4
55 6
61 4
64 6 8
65 4
66 3 6 8
20 5 3
21 2 1
22 1
22 2
27 4 6
27 7
30 4 6
8 3 4 5
9 4 5
9 3
