1190 6
1257 2 8 5 7 1
1347 4 3 6 2 8
1347 5 7
1347 1
1413 5
1419 7 4 3
2230 8 4 1 7 2 5 3
2235 6
2240 6
2299 6 8 4
2299 1
2299 7
2361 2 5 3 6
2076 7 2 3
2091 7
2091 2
2091 3
2154 5 6 8 4 1 7
2183 3
2220 2 5
2220 6
1984 4 1 7 2
2014 5
2016 3
2050 6 8 4 1
1954 8
1958 5
1958 6
1958 2
1858 3
1862 8
1872 5 6 2 4
1886 1
1914 7
1921 3
1843 7
1843 3
1797 8
1803 1
1803 6 2
1803 7 3
1803 5
1826 7 3
1721 1 6 2 7 3 5
1721 4 8
1797 4
1419 6 2
1484 8 1 6 2 7
1484 4
1574 3 5 4 8 1 6 2
1574 7
1647 7 3 5 4 8
0 1 2 3 4 5 6 7
0 8
12 8
24 8
74 1 2
74 3
1131 8 5 7
1190 8 5 7 1 4 3
1019 5 6 2 7 1 4 3
1024 8
1112 8 5
1112 6 2
1112 7
1114 1 4 3 6 2
880 3 8
880 4
880 5
948 6 2 7 1 4 3
948 8
704 3 8 4 5 6 2 7
704 1
796 1 3 8 4 5 6 2
796 7
880 7
880 1
551 2
560 7 1 3 8 4
633 5 6 2 7 1
551 4 5 6
333 1 3 8 4 5 6
403 2 7 1 3 8 4
465 5 6 2 7 1 3 8
219 5
219 6
219 7
219 3
296 1 3 8 4 5 6 2
302 7
74 4 5 6 7
151 8 4 5 6 7 3 1
151 2
208 2
219 8 4
