0 1
254 4
173 1 4 7
249 3 4 8
311 5 6 7 8
214 7
146 6
150 4
49 5
103 5 7 8
0 5 8
18 7
475 1 3 4 7 8
545 7
404 1 4 8
242 1 7
187 4 7
500 6
520 1 5
280 8
475 2 5 6
462 1 5 8
404 2 3 6 7
347 5
231 4 7
64 5
520 2 4 8
446 1
254 3
534 3 6
446 4
573 3 6 7
216 5
463 1 4 5
191 1 5
182 3
234 1
241 4 5
169 7
214 8
0 3
35 6
311 1
278 4
520 7
347 1 2 3 4 6 7 8
390 5
172 8
249 1 2 5 6 7
446 8
95 1 2 3
32 2
88 6
13 6
62 1 7 8
51 6
0 2
51 1 7 8
176 2 6
311 2 3
28 1 8
27 5
13 7
108 6
83 7 8
83 1
35 7
92 4
128 1 2 3 5 7 8
2 6 7
0 4 6 7
40 1 3 4 6 7 8
2 4
76 6
53 3 4
