388 2 6 3 4 5 7
409 8 1 2
409 6 3 4 5
428 7 6 3 4 5 8
543 3 4 5
567 7 6 3 4 5
597 8 1 2 7 6 3 4
1176 1 2 7 6 3 4
1127 3 4
1220 5 8 1 2
1279 8 1 2
2285 7 6 2 8 3 4 5
2336 1 7 6 2 8
2391 3 4 5 1 7
2448 6 2 8 3
1750 2 8
1746 1 2 8
1789 2 8
1458 7 6 3
1467 7 6 3
515 7 6 3 4 5
543 8 1 2 7 6
1520 8 4 5 7
1520 6 3
1534 8 4 5
1574 1 2 8 4 5
1881 6 2 8 3 4 5 1
1962 4 5 1 7 6
1904 7 6 2 8 3 4 5
2019 2 8 3 4 5 1
1944 1 7 6 2 8 3
2035 7 6 2 8 3 4
281 6 3
326 6 3
2185 8 3 4 5
2091 8 3 4 5
2126 4 5
2202 1 7 6 2 8 3
2244 4 5 1
1001 6 3 4 5 8 1 2
1025 7 6 3 4 5 8
1060 1 2 7 6 3
1100 4 5 8 1 2 7 6
98 8 1 2 3 4 5
95 1 2 3 4 5 6 7
145 4 5
1608 2 8 4 5 7 6 3
1647 1 2 8 4
1556 7 6 3
1576 7 6 3 1
2059 5 1 7 6 2
1773 3 4 5 1 7 6
1788 3 4 5 1
1817 7 6 2 8 3
1830 4 5 1 7
656 6 3 4 5 8
694 4 5 8 1 2 7 6
599 5 8
727 3 4 5 8
681 1 2 7 6 3
784 5 8
1417 8 4
1418 5 1 2
1470 8 4 5 1 2
1414 8 4 5
1377 4 5
1509 1 2
952 8 1 2 7
464 1 2 7
492 6 3 4 5 8 1 2
145 6 7 8 1 2
171 3 4 5 6 7 8 1
203 2 3 4 5 6
258 7 8 1 2
314 7 8 1 2
1279 7 6 3 4 5
1338 8 1 2 7 6
1338 3 4 5
1357 3 4 5 8
1377 1 2 7 6 3
1418 6 3
281 4 5
331 4 5 7 8 1
258 3 4 5
784 1 2 7 6 3 4
821 5 8 1 2
840 7 6
821 7 6 3 4
876 3 4 5 8
896 1 2 7 6 3 4 5
1762 4 5 1 7 6
1708 1 2 8 4 5
1647 5 7 6 3
1672 1 2 8 4 5 7
1690 6 3 1 2 8 4 5
1708 7 6 3
0 1 2 3 4 5 6 7 8
