1844 1 2 4 5
1764 1 3 4 5 6
1756 1 2 3 4 5 6
1764 2
1844 3 6
1670 1 3 4 5 6
1579 2 3
1540 1 2 3 4 5 6
1579 1 4 6
1469 1 3 4 5 6
1633 1 4 5 6
1579 5
1455 2
1436 3 4 6
1354 3 4 5 6
1436 1 2 5
1354 1 2
1263 2 6
1260 1 2 3 4
1234 1 2 3 4 5 6
1011 1 4
1263 1 3 4 5
1142 1 2 3 4
1093 1 2 3 4 5 6
1011 2 3 5
959 1 2 3 4 5 6
893 1 2 3 4 5 6
756 1 2 3
797 1 2 3 4
404 1 2 3 5 6
756 4 5 6
754 2 3 6
699 1 2 3 4 5 6
620 1 2 3 4 5 6
552 1 2 3 4 5 6
457 2 3 5
389 1 2 3 4 5 6
457 1 6
404 4
356 1 2 3 4 5 6
321 1 2 3 4 5 6
234 1 2 3 4 5 6
144 2 6
144 1 3 4 5
75 1 2 3 4 5
16 1 2 3
0 1 2 3
