238 2
172 1
233 2
240 2
227 1
269 1 2 3
276 1
275 2
276 3
279 1 2
189 3
174 1
163 1
11 1
159 3
215 1 2 3
221 3
221 2
222 1
225 2 3
188 1
227 2
229 2
176 1
227 3
257 1 2 3
263 1
263 2
263 3
267 1 2
183 1
170 1
180 1
70 3
30 3
203 1 2 3
209 2
209 3
210 1
213 2 3
155 1
185 1
166 1
159 1
146 2
191 1 2 3
197 2
197 3
197 1
201 2 3
46 1
11 3
2 1
38 1
74 3
137 1 2 3
154 3
150 3
150 1
157 1 3
68 3
30 1
43 1
52 1
68 1
131 1 2 3
143 2
144 1
143 3
148 1 3
50 1
32 1
8 3
34 1
67 2
119 1 2 3
125 3
125 1
125 2
129 1 3
48 1
26 3
8 1
0 3
21 2
56 1 2 3
62 1
62 3
62 2
66 1 3
13 3
0 1
5 1
4 3
0 2
15 1 2 3
25 1
21 1
21 3
28 1 3
