161 1 5 6
786 2 3 4 5 6
1210 2 6
1372 1 3 5
523 1 3 4 5 6
875 1 3 4 5 6
161 2 3 4
0 1 3 4 5 6
709 1 2 3 5 6
429 2 5 6
3651 1 2 4
2328 2 3 6
4593 1 4 5
4672 1 3 4 5
4749 1 2 3 4 6
4901 1 3 4 5
4901 2 6
4343 1 3 4 5 6
4830 1 3 4 5
4674 2 6
3918 2 3 4 6
5644 1 2 5 6
3828 2 3 4 6
4994 2 3 4 5 6
1289 2 6
5471 3 4 6
5563 2 4 5 6
2637 2 4 5 6
5320 2 5
5231 2 3 5
5325 3 4 6
5067 1 2 3 4
5145 1 2 3 5 6
5396 3 4 6
4501 1 2 3 4 5
4593 2 6
4419 1 2 3 4 6
5407 1 2 5
2727 3 6
5231 1 4 6
3923 1 5
3651 3 5 6
4016 1 2 4 5 6
3746 1 3 4 5 6
3401 1 3 4 5
4265 3 4
3215 3 6
4188 1 2 3 4 6
4095 1 2 3
3828 1 5
3047 1 2 4 5 6
2963 1 3 4 5 6
3570 2 4 5 6
3493 1 2 5 6
2409 4 6
3133 1 2 3 4 6
3215 1 2 4 5
2256 2 4 5 6
3401 2 6
3308 1 2 6
2489 2 4 5 6
1711 4 6
2637 1 3
2876 2 3 4 5
2566 1 2 3 4
1887 4 6
2409 1 2 3 5
2805 1 2 4 5
2876 1 6
2727 1 2 4 5
76 1 3
1801 1 3 4 6
2069 1 2 3 4 6
2162 1 2 3 4 5
2256 1 3
1887 1 2 3 5
1978 1 2
2328 1 4 5
1711 1 2 3
1978 3 4 5 6
1625 1 2 3 4
1464 1 3 5 6
1301 1 3 4 5
1551 1 2 3 4
1042 2 3 5
252 5 6
1551 5 6
1372 2 4 6
1210 1 3 4 5
1464 2 4
614 2 4 5 6
1125 1 4 5
346 1 2 3 4 5
1125 2 3 6
614 1 3
252 1 2 3 4
429 3 4
971 1 2 3 4 6
1042 1 4 6
76 2 4 5 6
