527 1 3
194 2
469 1 2
0 6
446 5
514 2 4 7
28 1 2 4 6 8
447 7 8
419 8
684 6
754 1 2 4 5 8
757 3 6 7
627 3
706 3
684 1 2 4 7 8
639 1 2 3 4 6 7 8
84 5
611 6
624 5
603 1 2 7
604 5
203 3 5
377 4
514 3
201 2
194 3 5
137 7
529 1 2 3 5 6 7
378 3
603 3
574 8
267 6
452 4
377 2
514 8
417 5 7
526 1 6
3 8
474 1 2 3 4 6 7 8
417 4
426 1 2 3
4 2
194 4 8
307 1
396 1 4 5 6 7 8
267 1
0 1 4
194 1 6
342 2 3 5 6 7
377 6
351 1 2 3 4 6
351 5 7 8
227 1 6
279 2 3 5 6 7 8
279 4
95 5
122 3
266 2 3 4 5 7 8
210 2 3 4 5 7 8
552 8
417 6
529 4
496 5
453 6
0 3 5 7
377 1
137 1 2 3 4 5 6 8
63 1 2 4 6 7 8
32 1 2 4 6 8
81 3
0 2 8
52 7
50 3 5
