1862 5
2523 6
3736 6 7 8 2 3 4 5
3096 8 2 3 4 5 1 6
1299 2 3 4 5 1 6 7 8
2279 1 6
4103 3 4 8 2 1 6 7 5
3778 1 6 7
3918 8 2
2195 1 6 7 8 2
2365 1 6
1167 2
2443 2 3 4 5 1 6
1235 3 4 5 1 6 7 8
3970 5 3 4 8 2
894 6 7 8
3702 7 8 2 3 4 5 1
2727 7
951 3 4 5
1437 5
3621 3 4 5 1 6
2207 3 4 5 1 6
4208 5 3 4 8
894 2 3 4 5
1076 1 6 7 8 2 3 4
2176 8 2
1987 7 8 2
4208 2
3046 4 5 1 6 7
3429 5 1 6 7 8 2
523 8 1
3215 8 2 3 4 5 1 6 7
807 2 3 4 5 6 7 8 1
3485 3 4 5
2600 4 5 1 6 7 8 2
2915 5 1 6 7
3621 7 8 2
1592 6 7
3485 1 6 7
1433 3 4 5
3283 4
2294 6
3338 8 2 3 4
1130 5 1 6 7 8 2 3
328 5 6 7 8 1 2 3 4
1452 8 2 3 4 5
1167 4 5 1 6 7 8
1956 1 6 7 8 2
595 2 3 4 5 6 7 8
2168 1 6 7 8 2
4178 3 4 8 2 1 6 7
56 2 3 4 5 6 7 8 1
4211 1 6 7 5 3
1483 1 6 7 8 2
1639 8 2 3 4
888 2 3 4 5 6 7 8 1
3856 1 6 7 8 2
2692 3 4 5 1 6 7
1540 3 4 5 1 6 7
650 8
2993 8 2 3 4 5
4051 1 6 7 5
1702 4
2523 7 8 2 3
471 8 1 2 3 4 5 6 7
2120 2 3 4 5
1786 5 1 6 7 8 2 3 4
3182 7 8
3017 1 6 7 8 2 3
4211 4 8
744 6 7 8 1
2820 7
1379 2 3 4 5
3797 8 2
2161 2 3 4 5
3788 8 2 3 4 5 1 6 7
3879 5 3 4
1921 1 6 7 8 2 3 4 5
3797 3 4
650 1 2 3 4 5
390 5 6 7
2030 3 4 5 1 6 7 8
170 6 7 8 1 2 3 4
3271 8 2 3 4
106 2 3 4 5
10 2 3 4 5 6 7 8 1
1601 8 2 3 4 5 1 6 7
3208 2 3 4 5 1 6 7
1033 1 6 7 8 2 3 4 5
3574 6 7 8 2
3485 8 2
2892 1 6 7
237 5 6 7 8 1 2 3 4
4333 2
4389 7 5 3 2 4
4282 2 4 8 1 6 7 5 3
4333 4 8 1 6 7 5 3
4392 8 1 6 7 5 3 2
4355 2 4
0 1
