16 1 2 3 4 6 7
238 3 4
62 1 2 4 6 7
238 2 5 6 7
130 1 2 4
21 1 2 3 4 6 7
746 1 2 3 4 5 6 7
674 1 2 3 4 5 6 7
826 2
532 1 5
622 1 2 3 4 5 6 7
1225 1 5 7
1177 4 6
1432 1 2 3 4 6 7
1326 1 2 3 4 5 6 7
826 1 3 4 6 7
1407 1 3 4 5 6 7
1423 2 5 6 7
862 1 2 3 4 5 7
1261 1 3 4 5 6 7
1132 1 2 4 5 6 7
1037 4 7
1475 4 7
537 2 3 6
1177 1 2 3 5 7
1124 1 2 3 5 6
862 6
289 1 2 3 5 6 7
155 1 2 3 4 5 6
130 6 7
442 1 4 5 7
175 1 2 3 4 5 6 7
82 3 5
279 3
574 4 7
1037 1 2 3 5 6
895 1 2 3 4 5 7
1225 2 3
969 1 2 3 4 5 6 7
1475 1 2 5 6
1561 1 3 4 6
1577 1 2 3 4 6
1432 5
0 5
139 3 5 7
0 1 2 3 4 6 7
367 1 2 3 4 5 6 7
532 4 7
429 1 2 3 4 5 6
442 2 3 6
