0 1 2 3
5 8 1 2 3
9 4 5 6 7 8
33 1 2 3 4 5 6
61 7 8 1 2 3 4 5
108 6 7
108 8 1
108 2 3 4
136 5 8 1 2 3
168 4 6 7 5 8 1
168 2
168 3
220 3 4
220 6 7 5 8
253 1 2 3 4
310 6 7 5 8 1 2 3
371 4 6 7 5 8 1 2
389 3 4
389 6 7 5
389 8 1 2
431 3 4 6 7 5
451 3 4 6 7 5 8
474 1 2 3 4 6 7 5 8
501 1
501 2
501 3 4 6 7
509 5 8 2 3 4
537 6 7 5 8 2 3 4
569 1 6 7 5 8 2 3 4
620 1
620 6 7
620 5 8 2
632 3 4 1 6 7
668 5 8 2 3 4 1
668 6
668 7
724 7 5
724 8 2 3 4
765 1 6 7 5 8
826 2 3 4 1 6 7 5
828 8 2 3 4 1 6 7
850 5 8 2 3 4 1 6 7
892 5 8 2
892 3 4 1
938 6 7 3 4 1 5
945 8 2 6 7 3 4 1
972 5 8 2 6 7 3 4
972 1
1019 5 8
1019 2 6 7 3
1031 4 1 5 8 2
1063 6 7 3 4 1 5 8
1099 2 6 7 3 4 1 5 8
1154 2
1154 6 7 3
1154 4 1 5 8
1190 2 6 7 3 4
1230 1 5 8 2 6 7
1290 3 4 1 5 8 2 6
1290 7
1307 3 4
1307 1 5 8 2 6
1352 7 3 4 1 5
1354 8 2 6 7 3 4 1
1360 5 8 2 6 7 3 4 1
1386 5
1386 8 2 6
1386 7 3 4
1436 1 7 3 4 5 8
1447 2 6 1 7 3 4 5
1478 8 2 6 1 7 3 4
1529 5 8
1529 2 6
1529 1 7 3 4
1545 2 6 1 7 3
1581 4 2 6 1 7 3
1636 5 8 4 2 6 1 7 3
1695 5
1695 8 4 2
1695 6 1 7 3
1735 5 8 4 2 6 1
1779 7 3 5 8 4 2 6
1780 1 7 3 5 8 4 2 6
1801 1
1801 7 3
1801 5 8 4 2 6
1850 1 7 3 5 8
1856 4 2 6 1 7 3
1882 5 8 4 2 6 1 7 3
1912 5
1912 8 4 2
1912 6 1 7 3
1962 6 1 7 3 5
1993 8 4 2 6 1 7 3
2028 5 8 4 2 6 1 7
2083 3 5
2083 8 4
2098 2 6 1 7 8
2118 4 2 6 1 7 8
2158 3 5 4 2 6 1
