2962 7 5 3
2962 1
2962 6 4
2962 2
3017 6 4 2 1
3357 2 1 3 6 7
3418 5 4 2 1 3
411 6
224 7 1 2 3 4
317 1 2 3 4 5
352 6 7 1 2
187 4 5 6
242 5 6 7
259 5 6 7
352 3 4 5
770 2
816 2 6 7 1
863 3 4 5
881 3 4 5 2
881 6 7
885 1 6 7
949 3 4 5 2 1 6 7
1044 3 4 5 2
1130 1 6 7 3 4 5
1218 2 1 6
1218 7
1218 3 4 5
2951 7 5 3 1 6 4 2
1528 4
1620 1 6 5
1528 7 3
1701 4 2 7 3 1 6 5
1776 4 2 7
1776 3 1 6
1834 5 3 1 6 4 2 7
1910 5 3 1 6 4 2
1997 7 5 3 1 6 4 2
2083 7 5
2170 3 1 6 4 2 7 5
2263 3 1 6 4 2
2339 7 5 3 1 6 4 2
2397 7 5 3 1 6 4 2
1528 5
2407 7 5 3 1 6 4
2442 2 7 5 3 1 6
1500 2 1 6
1299 1 6 3 4 5 7
1229 2
1392 2 1 6
1392 3
1392 4 5 7
1487 1 6 4 5 7 3
1225 2 1 6
1500 4 5 7 3
421 7 1 2 3 4 5
5 1
3111 7 5
3023 7 5
3038 3 6
3289 7
3204 4 2 1 3 6 7
3289 5 4 2 1 3 6
3345 7 5 4
2461 4 2 7
2554 3 1 6
2569 4 2 7 5 3 1 6
2727 4 2 7 5 3 1 6
2461 5 3 1 6
2792 4 2 7 5 3 1
2641 4 2 7 5 3 1 6
2871 6 4 2
658 4 5 6 7 1
734 4 5 6 7 1 2
770 3 4 5
770 6 7 1
5 2 3
3509 6 7 5 4
3597 2 1 3 6 7 5
96 4 5 6 7 1 2 3
3666 4 2 1 3
516 6 7 1 2
0 1 2 3 4 5 6 7
570 3 4 5 6 7 1
658 2 3
1225 3 4 5
