4 1
7 5 6 7 8 1
10 7 8 1
16 8 1 2 3 4 5 6 7
18 8
20 7 8
141 6 8 7 5
145 6 8 7 5 3
147 6 8
60 1
62 5 6 3 1
64 2 4 7 8 5 6 3 1
48 4
51 6 3 1 2 4
54 7 8 5 6
134 3 2 1 4
135 3 2 1 4
136 4
85 2 4 8 7 1 5 6
87 3 2
90 4 8 7 1 5 6 3 2
101 1
104 5 6 1 3 2
107 4 8 7 5 6
18 1 2 3 4
23 5 6 1 2 3 4 7
24 8 5 6 1
91 4 8 7 1 5 6
93 3 2 4 8 7 1 5 6
96 3 2 4 8
32 1 2
34 3 1 2 4
37 7 8 5 6 3 1 2
65 2 4 7 8
68 2 4 7 8
70 5 6 3 1 2 4 7 8
0 1 2 3 4 5 6 7
3 8 1
4 2 3 4 5 6 7 8
79 3
82 3
84 7 1 5 6 3
141 2 1
142 3 4 2 1
145 4 2 1
37 4
39 4 7 8 5 6 3 1 2
42 4 7 8 5 6 3 1 2
107 1
110 3 2 1 4 8 7
113 7
11 2 3 4 5 6 7
12 7
14 8 1 2 3 4 5 6 7
54 3
56 8 5 6 3
58 1 2 4 7 8 5 6 3
26 2 3 4 7 8
29 5 6 1 2 3
32 4 7 8 5 6
116 5 6 3 2 1 4 8 7
118 5 6 3 2 1
120 4 8 7 5 6 3 2 1
147 7 5 3
150 4 2 1 6 8 7
153 5 3 4 2 1 6
127 3
130 5 6 3
131 2 1 4 8 7 5 6
44 4 7 8
47 5 6 3 1 2 4
48 7 8 5 6 3 1 2
71 5 6 3 1 2 4 7
72 7
74 7
97 7 1 5 6 3
100 2 4 8 7 1 5 6
101 3 2 4 8 7
122 4 8 7 5 6 3 2 1
124 4 8 7 5 6
125 3 2 1 4 8 7 5 6
134 8 7 5
136 6 8 7 5 3
139 2 1 6 8 7 5 3 4
75 1
76 7 1
79 2 4 8 7 1 5 6
72 8 5 6 3 1 2
75 4 8 5 6 3
78 5 6 3
