1964 1
2458 1 2 3 4 5 6 7 8
2100 2 3 4 5 6 7 8
2277 1 2 3 4
2187 1 2 8
2177 5
2547 8
2586 8
2009 5 8
2547 1 3 4 6 7
2608 1 2 3 4 5 6 7
2632 8
2696 2 3 4 6
2636 1 3 5 7
2660 1 7
2707 1 2 3 4 5 6 7 8
2752 6 7 8
2830 2 3 4 5 6 7 8
2660 2 3 4 5
2770 1
17 1 2 3 4
1234 1 2 3 4 5 6 7 8
1326 1
1326 2 3 4 5 7 8
1430 1 3 4 5
1014 5
1478 1 2 3 4 5 6 7 8
1500 1 2 3 4 5 6
1358 2 3 4 5 6 7 8
1651 3 4 5 6 7 8
1500 7 8
1582 2 3 4 5 6
1699 7 8
1651 1 2
1694 3 4 5 6 7 8
1737 2 3 6
1960 2 3 4 5 6 7
1818 1 2 3 4 5
2005 3 4 7
2100 1
1891 1 2 3 4 5 6 7 8
1791 1 4 5 8
2178 3 4 6 7
2268 6
2296 2 3 4 5 6 7 8
2315 1 2 3 4 6 7
2344 6 8
2348 3 4 7
2378 1 2 3 4 7
2402 1 2 3 4 5 6 7 8
284 4 5 7
428 1 2
738 1 2 3 4 5 6 7 8
947 1 3 4 5 7 8
742 1 2 3 4 5 6 7 8
1137 1 2 3 4 7 8
832 4 5 6 7 8
1091 7
947 2 6
926 2 3 4 5 6 7 8
832 2 3
1014 1 2 3 4 6 7 8
1091 1 2 3 4 5 6
1137 5 6
864 1 2 3
1225 2 4 5 6 7
3288 2 3 4 5 6 7 8
3193 1 3 4 6 7 8
3410 1 3 5 6 8
3345 1 2 3 4 5 6 7 8
3460 1 2 3 4 5 6 8
3565 2 5
3519 1 6 7 8
3589 2 3 4 5 6 7 8
17 5 6 7 8
79 2 3 4 5 6 7 8
517 1 2 3 4 5
232 1 2 3 4 5 6 7 8
2918 4 5 7 8
43 1 2 3 4 5
2891 1
658 2 3 4 5 6 7 8
2943 3
2918 2 3 6
335 1 2 3 4 5
379 2 3 4 5 6 7 8
0 1 2 3 4 6 7 8
2856 1
428 3 4 5 6 7 8
284 1 2 3 6 8
27 1 2 3 4 5 6 7 8
2989 1 2 4 5 6 7 8
122 1 2 3 4 5 6 7 8
155 3 5 6 7
3122 2 4 6 7 8
155 1 2 4 8
0 5
3006 1 2 4 7 8
576 1 2 3 4 5 6 7 8
3038 1 2 3 4 5 6 7 8
