735 1 2 3 4 5 6 7 8
915 2 3 4 6 7 8
1100 2 3
598 1 3 5
941 2 3 8
787 2 3 4 6
1118 1 2 3 4 5 6 7 8
1102 2 3 4 6
73 1
2161 1 2 3 4 5 6 7 8
2115 1 8
2118 1 6 7 8
1690 1 3 4 7
2068 2 3 4 5 6 7 8
2217 1 3 5 6 7 8
1890 2 3 4 5 6 7 8
2217 4
1974 1 2 6 7 8
157 5 6 8
323 1 4 7
183 1 2 3 4 5 6 8
73 2 3 4 5 6 8
90 7
73 7
0 1 2 3 4 5 6 7 8
186 1 8
1332 1 7
323 2 8
12 1 2 3 4 5 6 7 8
1198 1 2 3 4 5 6 7 8
756 1 3 4 5 6 7 8
1100 8
1253 1 2 3 4 5 6 7 8
844 1 2 3 4 5 6 7 8
941 1 4 5 6 7
157 2 4
1013 1 2 3 4 5 6 8
1050 1 2 3 4 5 6 7 8
598 4
2407 6 8
2544 3 5 6 7 8
2407 1 5 7
598 2
664 1 2 3 4 5 6 7 8
2492 2 3 6 8
2323 1 2 3 4 5 6 7 8
2256 1 2 3 4 5 6 7 8
598 6 7 8
563 1 2 3 4 5 6 7 8
1974 3 4 5
2219 1 2 3 6 8
1647 1 2 3 4 5 6 7 8
1460 1 2 3 4 5 6 7 8
1500 1 2 3 4 5 6 7 8
1823 1 2 3 5 6 7 8
1690 2 5 6 8
1820 1 2 3 4 5 7 8
1576 2 3 4 6 7 8
1160 4 6 8
1752 2 5 6 8
473 1 2 3 4 5 6 7
354 1 2 3 4 7 8
415 3
242 3 7 8
392 1 3 4 5 6 7 8
229 3 7 8
1413 5
186 2 4 5 6
787 7 8
265 2 3 4 5 6 7 8
323 5 6
1272 1 2 3 4 5 6 7 8
1160 1 5 7
1576 1 5
533 1 2 3 4 5 6 7 8
612 1 3
415 1 4 5 6 7 8
1421 2 3 4 5 6 7 8
473 8
1413 2 3 4 6 7 8
1332 2 3 6 8
253 1 2 3 4 6 7 8
1341 2 3 4 5 6 8
157 1 3
