432 1 7
1561 1 5 6 8
1645 4
1661 4
415 8
0 1 2 5
358 2 3 5 6
432 4
588 3 4 7 8
4 3 4 7
358 1 4 7 8
1227 1 4 5 6
588 1 2 5 6
143 3 5 7
465 4 6 8
0 8
204 1 2
143 1 4 6
48 6
143 2
0 6
168 5
772 2 3
205 4 6 7
143 8
286 1 2 3 4 5 6 7 8
1456 1 2 3 4 5 6 7 8
1353 1 2 3 4 5 6 7 8
1370 1 2 3 4 5 6 7 8
780 1 4 5 6 7 8
1291 1 2 3 4 5 6 7 8
678 1 2 3 4 5 6 8
1537 1 2 3 5 6 7
1561 2 3 4
658 7
1207 1 2 3 4 5 6 7 8
1140 1 3 4 5 6 7
1394 1 2 3 4 8
866 1 2 3 4 5 6 7
520 1 2 3 4 5 6 7 8
168 7
283 4 5 6 7 8
0 3 4 7
730 1 2 3 5 6 8
883 1 2 3 4 5 6 8
938 1 2 3 4 5 6 8
1737 1 2 3 4 5 6 7 8
1093 1 2 3 4 5 6
856 1 2 3 4 5 6 7 8
190 3 8
1046 1 2 3 4 5 6 7 8
730 4
981 1 2 3 4 5 6 7 8
415 1 4 7
443 2 3 5
77 1 2 3 4 5 6 7 8
