3707 8 3 5 4 7
3707 2
2556 2 5 4 1 8
2588 6 7
2621 3 6 7
1939 8 6 7 3 2 5
1939 1
2018 4 1 8 6
2159 6 7 3 2
2104 7 3 2 5 4 1 8
2177 5 4 1 8 6 7 3 2
1799 4
1883 8 6 7 3 2 5 1 4
785 8 4 5 1 2
798 3 6 7 8 4 5
863 1 2 3 6 7 8 4 5
955 4 5 1
955 6 7 8
1003 2 3 4 5 1 6 7 8
868 1
1136 8 2 3 4
1047 2 3 4
1171 5 1 6 7 8 2
1171 3
3578 1 5 4
3660 5 4
3627 1 5 4
3557 5 4 8 3 6 7 2
2939 8 3 6 7 2 5 4
2991 1 8
2991 3
3057 6 7 2 5 4
3089 1 8 3 6 7
3035 7 2 5 4 1 8 3
3422 1 5 4 8 3 6 7
3465 2 1 5 4 8 3
3484 6 7 2 1
3140 2 5 4 1
3373 8 3 6 7 2
3245 2 5 4 1 8 3 6
3309 7 2 5 4 1
3159 8 3 6 7 2
3373 5 4
3235 5 4 1 8 3 6 7
1768 1 4 8 6
1543 7 3 2 5 1
1621 5 1
1511 3 2 5 1 4 8 6
1404 3 2 5 1 4
1799 7 3 2 5 1
1433 6
1705 4 8 6 7 3 2 5
2918 5 4 1
2725 1 8 3
2750 7 2 5
2776 4 1
2750 4 1 8 3 6
2700 2 5 4 1 8 3 6
2712 7 2 5
2725 6 7 2 5
2843 2 5 4 1
372 7 8 1 2 3 4 5
316 8 1 2 3 4 5 6
53 8 1 2 3 4 5 6
97 7 8 1
220 2 3 4 5 6 7
0 1 2
194 3 4 5 6 7 8 1
128 1
0 3 4 5 6 7
435 1 2 3
740 6 7
708 3 6 7
373 4 5
503 6 7 8 4 5 1 2
536 3 6 7
373 3
630 2 3 6 7
772 2 3 6 7
3620 8 3
3578 8 3 6 7 2
3620 6
3696 7 2 1 6 8 3
3704 5 4 7 2 1 6
1184 4 3
1216 5 1
1347 6 7 8
1347 2 5 1 4
1272 6 7 8 2 5 1 4 3
1433 8
2191 5
2390 7 3 2 5 4 1 8 6
2402 7 3 2 5 4 1 8 6
2227 5
2338 6 7 3 2 5
2243 5
2368 4 1 8 6
2484 7 3 2 5 4 1 8 6
2556 7 3
373 6 7 8 1 2
