910 1 7
773 1 2 3 4 5 6 7 8
0 2 3
506 1 2 3 4 5 6 7 8
806 1 2 3 5 6
468 1 2 3 4 5 6 7 8
32 1 2 3 4 5 6 7 8
19 8
0 5 6 7 8
84 5
631 4 5 6
806 4 7 8
298 1 2 3 4 5 6 7 8
217 6 7
767 7 8
162 5
126 1 2 3 4 8
215 3
84 1 3 4 6 7 8
19 1 5 6 7
1064 1 2 3 4 5 6 7
949 1 7
585 2
315 1 3 4 5 6 7 8
215 1 2 4 5 8
938 3 4 5 6 8
416 1 2 3 4 5 6 8
717 8
1160 2 3 4 5 6 7 8
408 2 3 5 8
667 1 2 3 7
862 1 2 3 5 6
719 1 2 3 4 5 6
126 6 7
84 2
585 1 3 4 5 7 8
912 2 3 4 5 6
1424 4 6 7 8
1288 1 2 3 7
1384 4 5 6 8
994 1 2 3 4 5 6 7
1402 5
1288 4 5 6 8
963 1 2 3 4 5 6 7
1433 1 2 3
1944 2 3 4 5 6 8
2223 1
2082 1 4 5 6 8
2223 2 5 6 7 8
2154 1 3 4 5 6 7 8
2316 1 2 3 5 6 7
2053 1 3 4 5 6 7
2201 1 2 3 5 6 7 8
2211 4
2282 1 2 3 4 5 6 7 8
1271 1 2 3 4 5 6 7 8
1608 4 6 8
1246 2 3 5 6 7 8
2013 1 2 3 4 6 7 8
1512 5 6 8
1934 1 7
1578 1 2 3 4 6
1841 3 7
1885 1 2 4 6 8
1826 1 5
1510 4 7
1826 2 3 4 6 7 8
1700 1 3 4 5 6 7
1735 1 2 3 4 5 6 7 8
1348 1 2 3 7
1606 1 2 3 5 7
1934 2 3 4 5 6 8
2687 1 5 6
1080 1 2 3 4 5 6 7 8
2456 1 2 3 4 5 6 7 8
2484 2 3 4 5 6
2668 1 3 4 5 6 7 8
2552 1 2 3 5 6
631 1 7 8
2571 4 7 8
264 3
2635 1 3 4 5 6 7 8
2774 1 2 3 4 5 6 7 8
2361 1 2 3 4 5 7 8
2687 4 7 8
2503 1 7 8
2840 1 3 4 5 6 7 8
2732 2 3 4 7 8
