395 1
85 2 3 4 5
66 1 2 3 4 5
42 1 2 3 5
50 1 2 3 4 5
34 1 2 3 5
93 1 2 3 4 5
8 2 3 4 5
76 1 2 3 4 5
0 2 3 4 5
16 2
380 2 3 4 5
389 1 2 3 4 5
375 2 3 4 5
393 1 2 3 4 5
371 2 3 4 5
391 1 2 3 4 5
238 2 3 4 5
16 4
249 2 3 4 5
367 1 2 3 4 5
230 2 3 4 5
363 1 2 3 4 5
222 2 3 4 5
359 1 2 3 4 5
214 2 3 4 5
371 1
294 2 3 4 5
357 1 2 3 4 5
290 2 3 4 5
355 1 2 3 4 5
286 2 3 4 5
353 1 2 3 4 5
282 2 3 4 5
351 1 2 3 4 5
242 2 3 4 5
16 3
343 2 3 4 5
349 1 2 3 4 5
337 1 3 4 5
347 1 2 3 4 5
333 1 2 4 5
341 1 2 3 4 5
329 1 3 4 5
327 1 2 3 4 5
16 1
321 2 3 4 5
318 1 2 3 4 5
312 1 2 3 4
309 1 2 3 4 5
303 1 2 4 5
298 1 2 3 4 5
282 1
274 1 3 4 5
270 1 2 3 4 5
262 1 3 4 5
258 1 2 3 4 5
214 1
206 1 2 4 5
202 1 2 3 4 5
194 1 2 4 5
190 1 2 3 4 5
182 1 3 4 5
178 1 2 3 4 5
170 1 3 4 5
166 1 2 3 4 5
158 1 2 4 5
154 1 2 3 4 5
146 2 3 4 5
136 1
136 2 3 4 5
131 1 2 3 4 5
113 1 2 3 5
0 1
123 1 2 4 5
109 1 2 3 4 5
101 1 2 4 5
97 1 2 3 4 5
85 1
81 2 3 4 5
80 1 2 3 4 5
72 1 2 3 4
83 1 2 3 4 5
70 1 2 3 5
84 1 2 3 4 5
64 1 2 3 5
55 1 2 3 4 5
56 4
246 2 3 4 5
75 1 2 3 4 5
62 1 2 3 5
302 1 2 3 4 5
60 1 2 3 5
301 1 2 3 4 5
58 1 2 3 5
74 1 2 3 4 5
56 1 2 3 5
54 1 2 3 4 5
16 5
