195 6 7 8 1 2 4
205 5 3 6 7 8
205 1 2
438 3 4 1 6 7 2
457 8 5 3 4 1
466 6 7 2 8 5 3 4
469 1 6 7 2 8 5 3
478 4 1 6 7
478 2 8
486 6 7
492 5 3 2 8 4 1 6
499 7 5 3 2
501 8 4 1 6 7 5 3 2
502 8
502 4 1 6 7 5
518 3 2 4 1 6
527 7 5 8 3 2 4 1 6
528 7 5 8 3 2
535 4 1 6 7 5 8
552 3 2 4 1 6 7 5 8
554 3
565 2 4 1 6 7 5 8 3
584 2 4 1 6 7 5 8 3
586 2
586 4
586 1 6
586 7 5
586 8 3
596 1 6 2 8 3 7
600 5 1 6 2 8 3
602 7 5 1
604 6 2 8 3 4
622 7 5 1 6 2 8 3
631 4 7 5 1 6
647 2 8 3 4 7
653 5 1 6 2
235 3 6 7
275 8 4 1 2 5 3 6
280 7 8 4
295 1 2 5 3 6 7 8 4
299 1
299 2 5 3 6 7 8
299 4
301 2 5 3 6 7 8
310 1 2 5 3 6 7 8
317 4 1 2 5 3 6 7
327 8 4 1 2 5 3
340 6 7 8 4
340 1 2 5 3
353 6 7 8
356 4 1
356 2
366 8
373 5 3 4 1 6 7 2 8
378 5 3 4 1 6 7 2
392 8 5 3
392 4 1 6
399 7 2 8 5 3 4 1 6
404 7 2 8 5 3 4
16 1 2 3
16 4 5 6 7 8
29 1 2 3 4 5 6 7
36 8 1 2 3 4 5
45 6 7 8 1 2
125 2 4 5 3 6
143 7 8 1 2 4 5
143 3 6
163 3 6 7
170 8 1 2 4 5 3 6
181 7 8
240 4
256 1 2 5 3 6 7 8 4
263 1 2 5 3 6 7 8 4
81 7 8 1 2 4 5
181 1 2 4 5 3
94 7 8
94 1 2
185 6 7 8 1 2 4
185 5 3
240 3 6 7 8
45 3 4 5
658 8 3 4 7 5
53 3
55 3 6 7 8 1 2
74 7 8 1 2
94 4 5
53 4 5
108 4 5 3 6 7 8 1
271 1 2 5 3 6 7
418 1 6 7 2 8 5
217 1 2 5 3 6 7
205 4
81 3 6
0 1 2 3 4 5 6 7 8
235 8 4 1 2 5
209 4
74 4 5 3 6
