1025 4 5
1025 8 7 6 2 3
1048 1 8 7 6
1009 2 3 1 4 5
1060 2 3 4
1009 6
1121 5 2 3 4 1 8 7
963 2 3 1 4 5 6 8 7
3272 3 4 1 6 5 2
3367 7 8 3 4 1
3459 6 5 2 7
3485 8 3 4 1 6 5 2 7
3486 8 3
2449 4 1
2392 8 6 3 4 1
2574 8 6 3 4 1
2449 7 5 2
2479 7
2510 4 1
2919 2 7 8 3 4
3001 1 6 5 2 7 8
86 8 1 2 3 4
0 1 2 3 4 5 6 7 8
86 5
51 1 2 3 4 5 6 7
111 1 2 3 4 5 6 7 8
105 6 7 8
2619 5 2 7 8
1276 2
1278 3 4 1 8 7 6 5 2
1166 6 5 2
1341 3
1341 4 1 8 7
1194 8 7 6 5 2
1378 6 5 2 3 4 1 8
2680 3 4 1 6 5 2 7
2619 6
2671 2 7 8
2355 4 1 7 5 2 8 6
2274 6 3 4 1 7 5 2
2314 8 6 3
2371 3 4 1 7 5 2
3486 4 1 6 5
1537 8 7 6
1618 4 1 8 7 6
1618 5 2 3
1673 4 1 8 7 6 5 2 3
1701 3 4 1 8 7
1684 4 1 8 7 6 5 2
1525 2 3 4 1 8 7 6 5
1537 2 3 4 1
1458 8 7 6 5
1419 7 6 5
404 7 8 2 1 3
426 4 5 6 7 8 2 1
296 2 1 3 4 5 6 7 8
454 3 4 5
398 8 2 1 3 4 5 6
503 4 5 6 7 8 2
478 6 7 8 2 1 3
383 2 1 3 4 5 6 7
1812 7 6 5 2
1864 3 4 1 8 7 6
1768 6 5 2 3 4 1 8
2730 8
2730 3 4
2694 8 3 4 1 6 5 2 7
2730 1 6 5
2801 2 7 8 3 4 1
2801 6 5
2873 2 7 8 3 4 1 6 5
161 1 2
184 5 6 7 8 1 2
236 3 4 5 6 7 8
236 1
655 6 7 8 2 3 1
709 4 5 6 7 8
529 3 1 4 5
611 1 4 5
558 3 1 4 5
751 2 3 1 4 5 6
1964 1 8 7 6 5
2094 3 4 1
2094 7 6 5 2
2179 8 3 4 1 7 6
2047 2 3 4 1
1872 5 2 3 4
2184 5 2 8
2184 3 4 1 7
3179 2 7 8 3
3097 3 4 1 6 5
3225 5 2 7 8 3 4
3235 1 6 5 2 7 8
3179 4
503 1
804 8 7
886 2 3 1 4 5 6 8 7
841 2 3 1 4 5 6
902 2 3 1 4 5 6 8 7
751 7
