3786 1
3934 1
3803 1 2
3895 2
3846 1 2
3700 1 2
3368 1
459 2
0 1
432 2
0 2
884 1 2
677 2
38 2
1423 1 2
1350 1
3290 1
5 2
2741 1 2
2655 1 2
2590 2
2291 1
86 1
744 1
470 1 2
553 2
167 1
658 1
810 1 2
981 2
2590 1
2499 1 2
2166 1 2
1633 1 2
2008 2
2034 1 2
2291 2
2208 1 2
2043 1
1940 1 2
2101 1 2
1759 1 2
1901 1 2
1839 1
1683 2
1670 1
1566 1 2
1431 2
1551 1 2
1563 1 2
1350 2
1471 1 2
1316 1 2
1007 2
1253 1 2
758 2
658 2
1126 1 2
964 1 2
1216 1
357 1
277 1
1081 1 2
981 1
1231 1 2
432 1
581 1 2
75 1 2
104 1
396 1 2
357 2
302 1 2
170 1 2
335 1 2
86 2
192 1 2
277 2
382 1 2
3161 1 2
3254 1 2
3137 1 2
2811 1
2784 2
2699 1 2
3681 1
3459 1 2
3608 1 2
3566 1 2
3290 2
3534 1 2
2448 1 2
2363 1 2
2055 2
2493 1 2
2881 1 2
3045 1 2
3091 1 2
3068 1 2
2966 1 2
2991 1 2
