118 8
89 8
163 4
89 7
116 7
65 8
118 4
230 5
167 6
251 5
146 5
79 6
165 2
98 6
84 2
262 5
305 5
432 4
413 6
454 6
403 4
454 4
0 5
144 7
143 7
146 8
156 8
0 7
83 7
284 8
0 1
0 2
11 2
35 5
54 5
84 1
403 5
463 5
178 1
219 4
174 4
222 6
226 2
254 3
248 7
233 3
0 8
78 4
4 4
55 4
251 8
42 3
0 4
0 3
279 2
320 3
462 2
394 2
344 3
415 2
337 2
368 4
278 4
368 7
383 5
454 8
415 8
226 8
189 2
194 6
220 6
214 6
219 1
186 8
221 7
120 6
145 6
120 3
112 6
139 3
0 6
467 1
309 5
316 6
397 6
374 1
296 1
389 8
339 8
382 3
469 3
