74 2 3 5 1 4 7
74 8
75 2 3 5 1 4
77 7 2
77 3 5 1 4
80 3 5
84 1 4 7 2 3
160 6 5 3 1 7
163 4 8 2
165 6
155 1 7 4 8 2
160 4 8 2
155 3
146 4 8 2 1 7
151 4 8 2
154 2
134 4 8 2 1 7 3
134 5
135 4 8 2 1 7
135 3
138 4 8 2 1
140 7 3
154 3 6 5
123 5 7 3 4 2 1
123 8
131 5
127 7 3
124 5 7 3 4
127 2 1 5
133 4 8 2 1 7 3 5
107 8 2 5 3 4
107 7
108 8 2 5 3 4
110 1 8
110 2 5
113 3 4 2
104 8
101 1
104 2 5 3 4 7
95 7 8
96 1 2 5 3
100 4 7 8
85 5 8 1 4 7 2
85 3
86 5 8 1 4 7
88 2 5
88 8 1
91 4 7 8
95 1 2 5 3 4
0 1 2 3 4 5
0 6 7 8
5 5
62 3 1 4 7
63 3
64 1 4 7 8 2
66 5 1
66 4 7 8 2
69 4 7 8
56 2 3 1 4 7 8
56 5
57 2 3 1 4 7
59 8 2
59 3 1 4 7
61 5
48 5 4 2 3 1
53 7 8 5
53 4
36 8 5 4
36 7
38 8 5 4 2
38 3 1
40 8 5 4 2
43 7 8 5
47 4 2 3 1 7 8
27 7 2 3 1 8 4
27 5
28 7 2 3 1 8
30 4 7
30 2 3 1 8
33 2 3 1
27 6
48 6
69 6
90 6
111 6
132 6
22 3 1 8 4 5
24 6 7 2
16 7 8 4 2 3 1
16 5
17 6 7
17 8 4
17 2 3 1
20 6 7 2
5 6 7 8 1 2 3
5 4
6 6 7 8 1
6 2 3
8 5 6 7 8
11 1 5 6
