478 3 1 4 2 5 6 8
492 7 3 1 4 2
510 5 6 8 7
510 3
521 1 4 2 5 6 8 7 3
524 1
524 4
527 2 5 6 8 7 3 1
543 4 2 5 6
556 8 7 3 1 4 2 5
187 7 1 2 3 4
197 5 6 8 7
209 1 2 3 4 5 6 8
209 7
215 7 1
227 2 3 4 5 6 8 7
232 1 2 3 4 5 6
232 8 7
237 8
252 7 1 2 3 4 5 6 8
262 7 1 2 3 4 5
270 6 8 7 1
270 2 3 4
270 5
285 6 8 7 1 2
300 3 4 5 6 8 7 1 2
319 3 4 5 6 8
319 7
328 1 2 7 3 4
328 5
336 6 8 1 2 7 3 4
339 5
340 6 8 1 2
700 1 4 2 7 5
718 6 8 3 1 4 2 7
733 5 6 8
743 3 1 4 2 7 5 6
763 8 3 1
33 5 6 8 7 1 2
48 3 4 5 6 8
48 7 1 2
61 7 1 2
75 3 4 5 6 8 7
75 1 2
88 3 4 5 6 8 7 1 2
105 3 4 5
105 6 8 7 1 2
112 6 8 7 1 2 3 4 5
116 6
131 8 7 1 2 3 4 5 6
148 8 7 1 2 3 4
158 5 6 8 7 1 2
173 3 4 5 6 8 7 1 2
178 3 4 5 6 8
382 8 1 2 7 3
382 4 5
398 6 8 1 2 7 3 4
402 5 6 8 1 2 7 3 4
415 5 6 8
415 1
441 7 3 4 2 1
445 5 6 8 7 3
445 4 2
448 1 4 2
465 1 4 2 5
415 2
433 7 3 4 2 1 5 6 8
632 3 1 4 2
632 5 6 8
32 5 6 8 7 1 2 3 4
353 7 3 4 5 6 8
353 1 2
365 1 2 7 3 4 5 6
8 6
21 6 8 7 1 2
21 3 4
596 5 6 8 7 3 1 4
604 2 5 6 8 7 3
619 1 4 2 5 6 8 7
570 6 8 7 3 1 4 2 5
659 2 7 5
675 6 8 3 1 4 2
0 1 2 3 4 5 6
465 6 8 7
0 8
8 8 7 1 2 3 4 5
576 3 1 4 2
642 7 5 6 8 3 1 4
576 6 8 7
794 1 4
763 4 2 7 5 6
680 7 5 6 8 3
766 4 2 7 5 6
652 2 7 5 6 8 3 1 4
0 7
794 8 3
786 8 3 1 4 2 7 5 6
