794 1 2 3 7
833 2 3 4 5 6 7 8
697 5 6 8
723 1 2 3 7
660 5 6 8
494 1
576 5
184 1 3 7
494 2 3 4 5 6 7 8
26 1 2 6 7
51 1 2 3 6
71 1 2 3 5 6 7
0 4 8
2744 1 2 3 4 6
2679 3 4 5
2682 1 8
2608 1 3 4 6 7
2543 2 3 4 5 6 7 8
2421 2 6 7
2407 5 7
2470 1 2 3 4 5 6 8
2435 4 8
1592 7
1374 8
2360 2 5 6 7
364 2 6 8
243 3 6
117 2
123 1 3 4 5 6 7 8
1686 1 2 3 4 6 7 8
1594 4 8
1500 2 3 4 6
1399 2
1500 1 5 7 8
1748 1 3 4 5 7 8
1332 6 7 8
1262 2 3 4 5 6 7
1233 1 2 3 4 5 6 7
1129 3 4 6 8
1129 1 5 7
1124 5 6 7 8
1043 2 3 4 5 6 7
950 1 2 4 6 8
895 1 2 3 5 6
738 4 5 6 8
660 1 2 3 4 7
514 1
2233 1 2 5 6 7
2149 5 7
2155 3 8
2064 8
2064 1 3 4 5 6 7
1934 2 3 4 8
1953 1 4 5 6 8
2005 1 2 3 4 8
1862 1 2 3 5 6 7 8
31 1 2 3 5 6
2267 1 2 3 4 5 6 8
2170 1 2 3 4 6 8
2149 1 2 4 6
1810 1 2 3 4 5 6 7
1594 1 2 3 5 6
1458 1 2 3 4 6 7 8
1399 1 3 4 5 7
1262 1 8
1332 1 2 3 4 5
1178 2 3 4 6 8
950 3 5 7
772 4 5 6 8
1043 1 8
26 3
457 2 8
576 1 2 3 4 6 8
576 7
364 1 3 4 5 7
402 1 3 4 5 7
243 1 2 4 5 7 8
184 4 5 6 8
71 4 8
41 4 7 8
0 1 2 3 5 6 7
2005 5 7
30 1 2 3 5 6 7
2360 1 3 4 8
2308 1 2 3 4 6 8
330 1 2 4 5 6 7 8
298 3 6
