784 3 4 6 7 5 1 8
860 2 3
887 4 6 7 5 1 8 2
938 3 4
1031 6 7 5 1 8 2 3 4
1085 6 7 5 1
1085 8 2 3 4
1143 8 2 3 4 6
1143 7
1190 5 1 8 2 3 4
1213 6 5 1 8 2 3 4 7
1307 6
1368 5 1 8 2 3 4 7 6
1375 5 1 8
1375 2 3 4
1442 7 6 5 1 8 2
1442 3
1526 2
1526 4 3 7
1558 5 1 8 2
1617 7
1617 6 5 1 8 2 4
1669 8 2 4 7
1717 3 6 5 1 8 2 4 7
1749 3 6 5
1844 1 8 2 4 7 3 6 5
1926 1 8 2 4 7 3 6 5
1975 1 8 2 4 7 3 6
2042 5 1 8 2 4 7
2057 3 6 5 1 8 2 4
2132 7 3 6 5 1
2220 8 2 4 7 3 6
2220 5 1
2250 5 1 8 2 4 7 3 6
2305 5
2305 1 8 2
2400 5 1 8 2
2305 4
2444 2
2371 7 3 6 4
2383 7 3
2458 7 3
2498 8 7 3
2591 3
2591 1 2 8 7
2660 6 4 5 1 2 8 7 3
2715 6 4 5
2740 7 3 6 4 5
2826 1 2 8 7 3 6 4
2910 5 1 2 8 7 3 6 4
3003 5 1 2 8
3003 7 3 6
3082 4 7 3 6 5 1
3107 2 8 4 7
3191 8 4 7
3107 3 6
3224 5 1 3 6 2 8
3224 4 7
3287 4
3324 7 5 1 3 6 2 8 4
3347 7 5 1 3 6 2 8 4
52 4 5 6 7 8 1
128 2 3 4 5
162 6 7 8 1 2
162 3 4
245 8 1 2
173 5 3 4
264 5 3 4 6 7 8 1
267 2 5
267 3 4 6 7 8
359 1 3 4 6 7 8 2 5
435 1 3 4
446 6 7 8 2 5 1
514 3 4 6 7
608 6 7
633 8 2 5 1 3 4 6 7
699 8 2
3435 7
3476 1 3 6 2 8 4 7
3525 5 1 3 6 2
3575 8 4 7 5 1 3 6
3585 2 8 4 7 5 1 3 6
3675 2 8 4 7 5 1 3 6
3677 2 8 4 7 5 1 3
3678 6 2 8 4
3678 7 5
3689 4
3714 8 7 5 4
3689 1 3 6 2
3735 1 3 6 2 8 7 5
3795 4 1 3 6 2
3862 8 7 5 4 1 3 6
3912 2 8 7 5 4
3928 5 4
3970 4
3912 1 3 6
3928 2 8
699 5 1 3 4 6
721 7 5 1
0 1 2 3
