685 4 5
633 1 3 6
824 2 4 5
775 4 5
809 1 3 6
959 2 3 4 5 6
901 2 3 4 5 6
755 1 2 3 6
980 1 2 3 4
306 2 3 4 5 6
305 2 3 4 5 6
329 1 4
427 2 3 4 5 6
375 1 2 3 4 5 6
96 2 5 6
96 1 3 4
150 5 6
156 2 3 4 5 6
145 1 3 4
1063 3 6
1277 1 6
1328 2 3 5
1416 1 2 3 4 5 6
1506 2 3 4 5 6
1574 1 2 3 4 5 6
329 3 5
535 1 3 4 5 6
629 1 2 3 4 5 6
329 2 6
356 1 2 4 6
985 1 2 4
1054 2 3 4 5 6
1090 3 4
1144 1 2 3 4 5 6
1063 1 2 5
1232 2 3 4 5 6
1262 1 2 3 4 5 6
1277 4
980 5 6
1277 2 3 5
1680 1 2 3 4 5 6
1734 2 3 4 5 6
1836 2 3 4 5 6
1774 1 6
1620 1 2 3 4 5 6
930 1
1774 3 5
1749 2 4
1928 1 2 3 4 5 6
1960 3 5
2120 1 2 3 5 6
2163 4
25 1
2024 1 6
2371 1 3 4 5 6
1752 3 5 6
2031 2 3 4 5
2213 1 2 3 4 5 6
1960 1 4 6
2258 1 2 3 4
2315 1 2 3 4
2371 2
2407 5 6
2407 3 4
2419 6
2445 1 2 3 4 5 6
1326 1 6
184 2 3 4 5 6
241 1 2 3 4 5 6
2 2 3 4 5 6
0 2 3 6
1 2 3 4 5
0 1
633 2 4 5
657 1 3 6
475 2 3 4 5 6
685 2
535 2
