6092 1 2 3 5 6
6419 2 5 6
6338 2 3 4 5 6
6577 4 5 6
6490 1 2 3 4 5
6002 1 3 4 5 6
3362 2 3 4
6667 1 3 4 5 6
6186 1 2 3 4
6259 2 6
3872 2 3 6
5671 1 2
5586 1 3 4 6
5829 3 4 5 6
0 1 6
5756 3 5 6
5909 3 4 5 6
5399 1 2 4 6
5316 1 5
5493 1 2 3
5003 2 3 4 5 6
5493 4 5 6
5076 1 6
566 2 3
5316 2 4 6
4918 2 4 5 6
1055 2 3 6
5157 3 4 5 6
5229 1 2 4 5 6
5671 3 4 5 6
4282 1 4 5 6
4691 3 4 5
4460 1 3 4 5 6
4549 2 3 5 6
4619 2 3 5 6
4846 1 4 5 6
2324 1 3
4769 1 4 5 6
4189 4 5 6
4372 2 6
4027 1 2 3
4113 2 3 4 5 6
3699 1 3 4 5 6
3948 1 4 5
3872 1 4 5
4189 2 3
3614 1 3 4 5
4027 5 6
3535 1 2 3 4 5
3781 1 2 4 5 6
3614 2 6
3455 2 3 4 5 6
3201 1 2 3 4 5
3274 1 2 3 6
2966 4 5 6
2877 1 4 5 6
3125 1 3 4 5 6
2618 1 4 5
3362 1 5 6
3050 3 4 5 6
2543 4 5 6
2395 2 4 5 6
2324 2 5 6
2706 1 6
2706 3 4
2246 2 3 4 5 6
2798 3 4 5 6
2618 2 3 6
2466 3 4 5 6
2159 1 2 4 6
2065 2 3 4 6
1471 1 3 4 5 6
1308 2 3 4 5 6
1804 2 4 5 6
1555 4 5 6
1876 1 4 5 6
1970 1 2 4 5 6
1397 2 4 5
1647 1 2 5 6
1723 2 3 4 6
885 1 2 4 5 6
972 1 4 5 6
648 2 4
1215 3 4 5
489 1 4
1140 2 4 5 6
1055 1 4 5
93 1 3 6
402 4 5
794 3 4 5 6
0 2 3 4 5
174 2 3 4 5 6
81 4 5
244 2 3 4 5 6
327 1 3 4 5 6
488 2 3 6
719 3 5 6
402 1 2 3 6
639 5 6
566 5 6
