675 1 4 5 6 7
766 6
948 6 7 8
974 2 4 5 7 8
995 1 2 3 4 5 6 7 8
766 1 4 5 7
828 4 5 8
627 1 2 3 4 5 6 7 8
826 3
675 2 3 8
755 2
29 7
285 2 3 4 5 6 7 8
49 1 3 4 5 6 7 8
0 1 6 7 8
471 2 4 5 6 7 8
940 2 3 4 5
940 1 7 8
885 1 2 3 4 5 6 7 8
303 5 6 8
386 1 2 4 5 6 7 8
547 2 3 4 5 6 7 8
398 2 4 5 6 7 8
490 1 2 3 4 5 6
133 6
646 1 2 3 4 5 6 7 8
832 1 2 4 5 8
755 3 8
814 2 3 8
29 1 2 4 5 6 8
49 2
133 3 7
1 2 3 5
556 1 2 4 5 6 7 8
303 1 2 3 7
395 1 3
212 1 2 3 4 5 6 7 8
173 1 2 4 5 6 8
133 1 2 4 5 8
841 1 2 4 5 7 8
