548 1 2
548 3 5 6 7
550 8 4 1 2
578 8 4 1 2 3 5 6
1381 1 7 8 3 5
1457 6 4 2 1 7 8
1469 3 5 6 4 2 1 7 8
1551 3 5 6
3617 3 5 6 4 2 1 7 8
3625 3
3715 1 7 8 3
3625 5 6
1945 2 1 7 8
2035 3 5 6 4 2
2111 1 7 8 3 5 6 4
2203 2 1 7 8 3 5 6
1118 2 7 8 3 5 6 1 4
1195 2 7 8 3 5 6 1
1204 4 2 7 8 3 5 6 1
1294 4 2 7 8 3 5 6 1
3756 4 2 5 6 1 7 8 3
3777 4 2 5 6 1 7 8
3842 3 4 2 5 6 1 7 8
3847 3 4
226 2 3 4
268 5 6 7 8 1 2 3 4
357 5 6 7 8
357 1 2 3
2454 5 6 4 2
2519 1 7 8 3 5 6 4
2574 2 1 7 8
2663 3 5 6 4 2
4094 6 1 3 4 2
4182 5 6 1 3 4 2 7 8
4227 5 6
4227 1 3
0 1 2 3 4 5 6
86 7 8 1 2 3
86 4 5 6
138 4 5 6 7 8 1
772 4
828 1 4 2 3 5 6 7 8
894 1 4 2 3 5 6 7 8
4320 5 6
4402 3 5 6 2 7
4434 8 4 1 3 5 6 2
403 4 1
489 2 3 5 6 7 8 4
489 1
4085 8 3 4 2 5 6 1
4092 7 8
4092 3 4 2 5
3899 2 5 6 1 7 8 3 4
3973 2 5 6 1 7 8 3 4
4036 2 5 6 1 7
986 7 8
1023 1 4 2 7
1038 8 3 5 6 1 4
3000 5 6 4 2 1
3091 5 6 4 2 1 7 8 3
3181 5 6 4 2 1 7 8 3
1308 4 2 7 8 3 5 6 1
1367 4 2
1367 7 8 3 5 6
2663 1 7 8
2726 1 7 8 3 5
2802 6 4 2 1
1842 6 4 2 1 7
1874 8 3 5 6 4
1928 2 1 7 8 3 5 6 4
1737 2 1 7 8 3 5 6 4
1795 2 1 7 8 3 5
1804 6 4 2 1 7 8 3 5
2802 7 8 3 5
2870 6 4 2 1 7
2927 1 7
2252 4 2 1 7
2321 8 3 5 6 4
2361 2 1 7 8 3
3275 5 6 4 2 1 7 8 3
3361 5 6 4 2 1 7 8 3
3410 5 6 4
2927 8 3 5 6 4 2
2950 8 3
3015 7 8 3
649 7 8 4 1 2 3 5
702 6 7 8 4 1
772 2 3 5 6 7 8
3410 2 1 7 8 3
3490 5 6 4 2 1 7 8
3545 8
952 1 4 2 3 5
983 6 7 8 1 4 2
986 3 5 6
4227 4
4309 2 7 8 4 1
4309 3
1551 4 2 1 7 8
1626 4
1647 2 1 7 8 3 5 6 4
