452 1 2
501 1 2 3
583 1 2 3
134 4
751 1 2
619 3 4
721 2
812 2
950 2 3 4
976 2 3 4
1039 1 2 3 4
1068 2 3 4
1081 1
1136 2 3 4
1068 1
1233 1 2
1273 2 3 4
1286 3 4
1286 1 2
1339 2 3 4
1396 2
1401 2
2339 1 2 3 4
2003 1 2 3 4
2255 3
2304 3 4
2393 1 2 3 4
2431 1 2 3 4
2696 2 3 4
2495 1 2 3 4
2561 1 3
2656 1 3
2561 2 4
2767 1 2 3 4
2696 1
2844 1 2 3
2844 4
2932 1 2 3 4
2985 1 2 3 4
3022 4
3041 1 2
3093 2 3 4
3129 4
3187 1 3 4
3129 2
3229 2 3 4
3283 1 2
3337 1 2
3306 2 3 4
3384 1 2 3
3392 4
3418 1 2 3 4
3459 2 3 4
3468 2 3 4
1201 1 2 3 4
40 1 2 4
61 1 2 4
1396 1 3 4
1482 1 2 3 4
1567 1 2 3 4
1576 1 3 4
1688 3
1640 3
1640 1 2 4
1688 1 4
1687 1 2 3 4
1748 3
1824 1 2 3 4
1748 1 2
1888 1 2 4
1897 1 2 3 4
2040 3 4
1969 1 2 3 4
2040 2
2171 1 2 3 4
2126 1 2
2255 2
2173 1 2 3 4
40 3
0 1 2 3 4
109 1 2 4
193 2 3 4
136 1 2 3
235 2 3 4
320 1 2
320 3 4
452 3 4
382 2 3 4
501 4
619 1 2
616 1 2 3 4
699 1 2 3 4
710 1 2 3 4
721 3 4
781 4
766 1 2
781 1 2
812 3
866 1 2 3 4
835 1 2
