1240 8
1270 8 3 6 4 5 7 2
1280 1 8 3
400 7 2 3 6 1 8 4
420 4
440 4
770 1 8 3 6 4
790 1 8 3 6 4 5
800 7 2 1 8
530 6
560 6 1 8 5
580 7 2 4 3 6 1 8
890 4 5 7 2 1 8
900 3 6 4
910 8 3 6 4
830 3 6 4 5 7
850 2 1 8 3 6 4
880 5 7 2 1 8 3 6
60 5 6 7 8 1 2 3 4
80 5 6 7 8 1 2 3 4
90 5 6 7 8 1 2 3
190 1 2 3 4 5 6
220 1 2 3 4 5
230 6 1 2 3
340 8 4 5 7
360 8 4 5 7
370 2 3 6 1 8 4 5
1200 7 2 1 8
1220 7 2 1 8
1240 3 6 4 5 7 2 1
900 5 7 2 1
930 5 7 2 1 8
940 2 1 8
1130 3 6 4 5 7
1140 2 1 8 3
1150 6 4 5 7 2 1 8
710 2 4 3 6 1 8
720 5 7 2 4
750 4
450 7 2 4
460 7 2
480 4 3 6 1 8 5 7 2
0 1
30 3 4 5 6 7 8 1
50 2 3 4
1370 5 7 2 1 8 3 6
1400 4 5 7 2
1430 4 5 7 2
1070 8 3 6 4 5 7 2 1
1090 8 3
1110 6 4 5 7 2 1 8
500 4 3 6 1 8 5 7 2
510 4 3 6
530 1 8 5 7 2 4 3
660 2 4 3 6
670 1 8 5 7 2
690 4 3 6 1 8 5 7
1280 6 4 5
1310 4 5
1340 7 2 1 8 3 6 4
120 4 5 6 7 8
130 1 2 3 4 5 6 7 8
160 1 2
720 3 6
750 7 2
760 5 7 2
1150 3
1160 3 6 4 5 7 2 1
1170 8 3 6 4 5
160 3 4 5 6 7 8
190 7 8
210 7 8
420 5 7 2 3
440 6 1 8 5 7 2
450 3 6 1 8 5
590 5 7 2 4 3
600 6 1 8 5 7 2 4 3
630 6 1 8 5 7
230 4 5 7
250 8 4 5 7
280 8 4 5 7
1030 3 6 4 5 7 2 1
1040 1
1050 7 2 1
260 6 1
300 2 3 6 1 8
330 4 5 7 2 3 6 1
970 3 6 4 5 7 2
980 1 8 3 6 4 5
1010 7 2 1 8
