0 1 2 3 4 5
99 8
817 2 3 8
887 2 3 4 6 8
997 1 2 3 4 5 6 7 8
559 1 2 3 4
621 2 4 6
540 1 2 3 4 5 6 7 8
800 7
559 5 7 8
741 7
83 8
100 1 2 3 4 5 6 7
246 1 2 4 5 6 7 8
217 1 2 4 5
881 2 3 4 6 7 8
963 2 3 4 6
967 1 7 8
908 1 2 3 4 5 6 7 8
0 6 7 8
91 1 2 3 4 5 6 7
460 1 2 4 5 6 7 8
330 2 4 5 6 7 8
403 2 4 5 6 7 8
118 5
639 1 2 3 4 5 6 7 8
808 2 3 4 6 8
741 6 8
796 2 6 8
197 1 2 3 4 5 7
246 3
330 1 3
217 6 7 8
469 1 2 4 5 6 7 8
741 1 3 4 5
806 1 5
668 1 2 3 4 5 6 7 8
158 1 3 4 5 6 7
118 1 2 3 4 6
837 2 3 4 6 7 8
