3642 1 2 3 4 5 6 7 8
3904 4 7
3932 8
3760 4 7
3728 3 4 5 6 7 8
20 1 2 3
1364 4 6
1948 1 2 3 4 5 6 7 8
860 3 5 6 7 8
1168 2 3 5 7 8
1076 1 4
1132 1 4 6
1250 1 2 3 4 5 7 8
1114 2 3 5 7 8
1362 2 3 5 7 8
48 8
3312 1 2 4 5 6 7
3520 6
3520 1 2 3 4 5 7 8
3454 1 2 3 4 5 6 7 8
48 4
8 5 8
14 1 2 3 4 6 7
1158 6
984 2 3 5 6 7 8
1790 1 2 5 6 8
2178 1 2 5
376 3 4 5 6 7 8
294 1 2 3 5 8
672 1 2
586 1 5 7
506 2 3 4 5 6 7 8
680 3 5 7 8
830 3 5 6 7 8
884 4
672 3 4 5 6 7
20 6 7
3150 1 3 4
3086 1 3 4
2880 7 8
1510 1 2 3 4 5 6 7 8
1434 1 2 3 5 7 8
586 2 3 4 6 8
198 4 6 7
386 1 2 3 4 5 6 7 8
1810 3 4 7
1704 1 4 5 6 8
1364 1
1704 3 7
1532 1 2 3 4 5 6 7 8
3930 1 5 6
4348 1 2 3 5
4172 1 2 3 4 5
732 1 2 4
378 1 2
682 6
8 1 2 3 4 7
0 1 2 3 4 5 6 7
3950 2 3 4 7
3930 2 3 8
3760 1 2 3 5 6 8
3254 7
3040 2 6
2942 1 2 5 6
2938 1 2 4 6
2244 3 7 8
2178 3 4 6 7 8
2032 2 3 4 5 6 7 8
2450 1 2 3 4 5 6 7 8
2372 1 2 3 5 7 8
3198 2 6 8
3082 2 5 6 7 8
2636 1 2 3 4 5 6 7 8
2692 3 4 5 6 8
2878 1 2 3 4 5 6
2266 4 6
2692 7
2970 3 4
2938 3
2932 2 3 5
254 4 6 7
884 1
4172 6 7 8
3202 5 7
4118 1 2 3 4 5 6 7 8
62 1 2 3 5 8
208 1 2 3 5 8
