45 5 8 9 13 16 25 26 31
4844 2 4 5 6 7 9 10 15 21 28 30 32
4857 1 2 4 5 6 7 8 9 10 15 21 24 26 28 30 31 33 34
4884 1 2 3 4 5 6 7 8 9 10 11 12 13 14 15 16 17 18 19 20 21 22 23 24 25 26 27 28 29 30 31 32 33 34 35 36
5901 1 2 3 4 5 6 7 8 9 10 11 12 13 14 15 16 17 18 19 20 21 22 23 24 25 26 27 28 29 30 31 32 33 34 35 36
5700 8 22 30 31 34 35
6322 1 3 5 6 9 10 11 13 14 16 23 24 25 33 34
0 1 2 3 5 6 7 8 9 10 12 13 14 15 16 17 18 19 20 21 22 23 25 26 27 28 29 30 31 32 33 34 35 36
780 1 2 3 4 5 6 7 8 9 10 11 12 13 14 15 16 17 18 19 20 21 22 23 24 25 26 27
836 5 17 18 19 30 32 33 34 35
915 2 3 4 5 6 7 8 9 10 11 12 13 14 15 16 17 18 19 21 25 29 30 32 36
3669 24 29 36
2945 1 5 7 8 9 10 11 14 15 16 18 22 23 24 25 26 27 28 30 32 34 36
3717 5 7 22 26 29 30 31 32 33 34 35
3745 34
2390 1 2 3 4 5 6 7 8 9 10 11 12 13 14 15 16 17 18 21 22 23 24 25 26 27 28 29 30 32 34 35 36
2438 26 28 30 34 35
900 1 2 3 4 6 7 8 9 10 11 12 13 14 15 16 20 21 22 23 24 25 26 27 28 29 31 36
958 2 3 4 5 7 8 9 10 11 12 13 14 15 16 17 18 19 20 21 22 23 24 26 27 28 29 31 32 33 36
3802 1 2 3 4 5 6 7 8 10 11 12 13 14 15 16 17 18 19 20 22 25 27 28 31 33 34 36
4599 1 2 3 4 5 7 8 9 10 11 12 13 14 15 16 17 18 19 20 21 22 23 24 25 26
4802 2 4 6 7 9 10 28 30 32 36
4715 2 3 4 6 7 9 28 29 30 32
2161 1 2 3 4 5 6 7 8 9 10 11 12 13 14 15 16 17 18 19 20 21 22 23 24 25 26 27 28 29 30 31 32 33 35
2094 22 26 32 36
5154 3 4 5 7 8 10 14 15 21 25 26 27 31 32
5206 3 4 5 7 8 10 14 15 21 25 26 27 31 32 35 36
5213 3 4 5 7 8 10 14 15 21 25 26 31
3946 4 5 6 7 8 9 11 12 16 17 21 27 31 32 36
3783 5 7 22 26 31 33
3886 3 15 20 23 24 25 29 35
836 1 2 3 4 7 8 9 10 11 12 14 15 20 22 23 24 25 27 29 31
7069 1 2 3 4 5 6 7 9 10 11 12 15 17 18 19 20 21 22 23 24 25 28 29 30 31 34 35 36
7178 1 2 3 4 5 6 7 9 10 11 12 13 14 15 16 18 20 21 22 23 24 25 26 27 30 32 33 34 35 36
7115 1 2 3 4 5 6 7 8 9 10 11 12 13 14 15 16 17 18 19 20 21 22 23 24 25 26 27 28 29 30 31 32 33 34 35 36
45 1 7 20 21 22 29 33 34
3669 2 9 11 13 14 15 17 18 21 23 27 28
5061 35 36
5245 2 3 4 5 6 7 8 9 10 11 12 13 14 15 16 17 18 19 20 21 22 23 24 25 26 27 28 29 30 31 32 33 34 35 36
5154 1 2 6 9 11 12 13 16 18 19 20 22 23 24 28 29 30 33 34
1639 3 5 9 21 35 36
1760 1 4 6 7 8 10 11 12 13 14 16 17 18 19 20 22 23 24 25 29 30 31 32 33
4956 1 2 3 4 5 6 7 8 9 10 11 12 13 14 15 16 17 18 19 20 21 22 23 24 25 26 27 28 29 30 31 32 33 34
1292 4 5 6 10 13 14 17 19 21 24 26 27 28 30 32 33 34 35 36
1304 4 5 6 10 13 14 17 19 21 24 26 27 28 30 32 33 34 35 36
1144 12 15 22 23 28 29 31 33 36
4366 4 10 14 15 17 18 23 27 28 31 32
4299 4 10 11 14 15 18 19 22 23 25 27 28 31 32 34 36
1419 1 3 7 8 15 16 18 22 28 31 32
568 31 32 33 34 35
504 32 33 35
610 1 5 6 14 17 18 19 21 24 26 28 30 32 33
4175 1 2 3 4 5 6 7 8 9 10 12 13 14 15 16 17 18 19 20 21 22 23 24 25 26 27 28 29 30 31 32
1292 1 2 3 7 8 9 11 12 15 16 18 20 22 23 25 29 31
1252 2 3 4 5 6 7 8 9 10 11 12 13 14 15 16 17 18 19 21 22 23 24 25 27 28 29 30 31 32 33 34
1289 2 3 4 5 6 7 8 9 10 11 12 13 14 15 16 17 18 19 20 21 22 23 24 25 26 27 28 29 30 31 32 33 34 35 36
2390 19 20 31 33
2346 1 2 3 4 5 6 7 8 9 10 11 12 13 14 15 16 17 18 19 20 21 22 23 24 25 26 27
2315 2 3 4 5 6 7 8 9 10 11 12 13 14 15 16 17 18 19 20 21 22 23 24 25 26 27 28 29 30 31 32 33 34 35 36
1395 4 5 6 10 13 14 17 19 21 24 25 26 27 30 33 34 35 36
6743 3 4 6 9 11 12 15 16 17 18 19 20 21 22 23 24 25 26 27 29 30 32 33 34 35
3028 1 2 4 6 7 9 10 11 13 14 15 17 18 19 21 22 23 25 26 27 29 31 36
4140 1 2 3 4 5 6 7 8 9 10 11 12 13 14 15 16 17 18 19 33 34 35 36
4144 35 36
6471 2 4 7 8 12 13 14 15 17 18 19 20 21 22 27 28 29 30 31 32 35
6535 2 3 4 7 12 13 14 15 16 17 19 20 21
6583 1 2 3 4 5 6 7 8 9 10 11 12 13 14 15 16 17 18 19 20 21 22 23 24 25 26 27 28 29 31 32
193 1 3 12 14 16 17 23 25 27 28 30 33 35
248 3 8 14 16 17 23 25 27 28 30 31 33 35
2146 1 2 3 4 6 7 8 9 10 11 12 13 14 15 16 17 18 19 20 25
5584 15 22 23 24 28 29 30 31 33 35
5383 1 3 4 8 9 10 15 18 19 28 32 35 36
5416 1 5 6 8 10 15 18 19 28 32 34 35 36
5492 1 2 3 4 5 6 7 8 9 10 11 12 13 14 15 16 17 18 19 20 21 22 23 24
1534 1 2 3 4 5 6 7 8 9 10 11 12 13 14 15 16 17 18 19 20 21 22 23 24 25 26 27 28 29 30 31 32 33
6285 2 4 7 8 15 21 22 27 28 29 30 32 35 36
365 2 3 4 5 6 7 8 9 10 11 12 13 14 15 16 17 18 19 20 21 22 23 24 25 26 27 28 29 30 31 32 33 34 35 36
305 2 31
289 2 4 6 7 9 10 11 12 13 20 21 22 26 32 34 36
6471 1 5 6 9 10 11 23 24 25 33 34 36
6453 1 2 3 4 5 6 7 8 9 10 11 15 16 17 20 21 22 24 25 26 27 29 30 31 32 33 35 36
5573 1 2 3 4 5 6 7 9 10 11 12 13 14 16 17 18 19 20 21 25 26 27 32 34 36
5454 2 3 4 7 9 11 12 13 14 16 20 21 29 30 33
6285 1 3 5 6 9 10 11 12 13 16 17 18 19 20 23 24 25 26 31 33
6243 1 2 4 5 6 7 8 9 10 11 12 13 15 16 17 18 19 20 21 22 23 26 28 29
1706 1 2 4 6 7 8 10 11 12 14 15 16 17 18 19 20 22 23 25 26 27 28 29 30 31 32 33 34
1639 1 2 4 6 7 8 10 11 12 13 14 15 16 17 18 19 20 22 23 24 25 26 27 28 29 30 31 32 33 34
421 4 6 7 10 12 13 16 18 20 21 22 23 25 26 27 28 30 32 33 35
359 1 3 4 5 6 7 9 10 11 12 13 14 15 16 17 19 20 21 22 23 24 25 26 27 28 30 33 36
305 4 6 7 10 11 12 13 16 20 21 22 23 26 27 32 33 34 35
2174 15 19 20 23 24 25 26 27 28 29 30 31 32 33 34 35 36
2438 2 3 5 6 7 8 9 10 11 12 13 15 17 18 21 22 23 24 25 32
2606 2 3 5 6 7 8 9 11 12 13 15 17 18 21 32
2507 19 20 21 26 27 28 29 30 31 35
43 4 11 24
133 2 3 4 8 9 10 11 12 13 14 15 16 17 19 23 25 26 27 28 32 35
4071 1 2 3 4 5 6 7 8 9 10 11 13 14 15 16 17 18 21 22 23 24 25 26 27 28 29 30 31 32 36
4129 1 2 3 4 5 6 7 8 9 10 11 12 13 14 15 16 17 18 19
1596 1 2 3 4 5 6 7 8 9 10 11 12 13 14 15 16 17 18 19 20 21 22 23 24 25 26 27 28 29 30 31 32 33 34 35 36
1493 36
1485 1 2 3 4 5 6 7 8 9 10 11 12 13 14 15 16 17 18 19 20 21 22 23 24 25 26 27 28 29 30 31 32 33 34
2674 1 2 3 4 5 6 7 8 9 10 11 12 13 14 15 16 17 18 21 22 23 24 26 27 28 29 30 31 32 33 34 35 36
2600 1 2 3 4 5 6 7 8 9 10 11 12 13 14 15 16 17 18 19 20 21 22 23 24 25 26 27 28 29 30 31 32 33 34 35 36
2606 1 4 14 16 19 20 26 27 28 29 30 31 33 34 35 36
3104 1 2 3 4 5 6 7 8 9 10 11 12 13 14 15 16 17 19 20 21 22 23 24 25 26 27 28 29 30 31 32 33 34
4306 1 2 3 5 6 7 8 9 12 13 20 21 24 26 29 30 33
4222 4 6 10 11 15 17 23 25 28 32 34
4308 1 2 3 5 6 9 12 13 16 20 21 24 26 29 30 33 35
6780 4 9 11 12 16 18 19 20 21 23 24 25 26 27 29 30 32 33 35
6932 1 2 4 5 7 10 11 13 14 18 20 21 25 27 28 31 36
5492 28 29 30 35
4496 1 2 3 4 5 6 7 8 9 10 11 12 13 14 15 16 17 18 19 20 21 22 23 24 25 26 27 28
4580 1 2 3 4 5 6 7 8 9 10 11 12 13 14
5265 1 2 3 4 5 6 7 8 9 10 11 12 13 14 15 16 17 18 19 20 21 22 23 24 26 27 28 29 30 31 32 33 34 35
5061 1 7 8 9 11 12 13 14 16 17 20 23
4866 3 11 12 13 14 16 17 18 19 20 22 23 25
2094 1 2 3 4 6 7 8 9 10 11 12 13 14 15 16 17 18 19 20 25
2008 1 2 3 4 5 6 7 8 9 10 11 12 13 14 15 16 17 18 19 20 21 22 23
2046 1 2 3 4 5 6 7 8 9 10 11 12 13 14 15 16 17 18 19 20 21 22 23 24 25 26 27 28 29 30 31 32 33 35 36
1360 1 3 7 8 15 16 18 22 31
2925 1 2 3 4 5 6 7 8 9 10 11 12 13 14 15 16 17 18 21 22 23 24 26 27 28 29 30 31 32 33 34 35 36
2839 1 2 3 4 5 6 7 8 9 10 11 12 13 14 15 16 17 18 21 22 23 24 26 27 28 29 30 31 32 33 34 35 36
2754 1 2 3 4 5 6 7 8 9 10 11 12 13 14 15 16 17 18 21 22 23 24 26 27 28 29 30 31 32 33 34 35 36
4828 3 11 12 17 18 19 20 22 25 27 29
6743 1 2 5 7 8 10 13 14 28 31 36
6399 1 2 3 4 5 6 7 8 9 10 11 12 13 14 15 16 17 18 19 20 21 22 23 24 25 26 27 28 29
4769 1 5 8 11 12 14 15 16 17 18 19 20 21 22 23 24 25 31
4652 1 2 3 4 5 6 7 8 9 10 11 12 13 14 15 16 17 18 19 20 21 22 23 24 25 26 27 28 29 30 31 32 33 34 35 36
4715 1 5 8 10 11 12 13 14 15 16 17 18 19 20 21 22 23 24 25 26 27 33
5356 1 2 3 4 5 6 7 8 9 10 11 12 13 14 15 16 18 19 20 21 22 23 24 26 27 28 29 30 31 32 33 34 35 36
5380 2 7 11 12 13 14 16 17 20 21 22 23 24 25 26 27 29 30 31 33
4769 13 26 27 33
2174 1 2 3 4 5 6 7 8 9 10 11 12 13 14 16 17 18 21 22
3311 4 6 7 9 11 12 13 15 16 17 19 22 27 35
3387 31 33
5669 1 2 3 4 5 6 9 10 11 12 16 18 20 23 24 26 27 28 36
5670 1 2 3 4 5 6 9 10 11 12 16 18 20 23 24 25 26 27 28 36
5711 7 13 14 15 17 19 33
3590 1 2 3 4 5 6 7 8 9 10 11 12 13 14 15 16 17 18 19 20 21 22 23 24 25 26 27 28 29 30 31 32 33 34
3537 1 2 3 4 6 7 8 9 10 11 12 13 14 15 16 17 18 19 20 21 22 23 24 25 30
3721 1 2 3 4 6 8 9 10 11 12 13 14 15 16 17 18 19 20 21 23 24 25 27 28 36
5667 7 13 14 17 19 21 29 32 33
4144 1 2 3 4 5 6 7 8 9 10 12 13 14 15 16 17 18 19 34
289 1 5 15 18 19 24 29
157 2 5 8 9 11 13 15 19 20 21 26 32
214 2 4 5 6 7 9 10 11 13 15 18 19 20 21 22 24 26 29 32 34 36
2507 1 2 3 4 6 7 8 9 10 11 12 13 14 15 16 17 18 22 23 24
2095 5 28 29
2258 1 2 3 4 5 6 7 8 9 10 11 13 14 15 16 17 18 19 20 21 22 23 24 25 26 35
2274 2 3 4 5 6 7 8 9 10 11 12 13 14 15 16 17 18 19 20 21 22 23 24 25 26 27 28 29 30 31 32 33 34 35 36
1360 2 9 11 12 20 23 29
5653 8 15 22 30 31 35
5657 2 3 5 7 10 12 13 14 18 19 21 23 28 29 32 33
5492 31 33
6105 1 2 4 5 6 9 11 16 17 18 20 21 22 23 24 25 27 28 29 30 31 34 35
6058 1 2 3 4 5 6 7 8 9 10 11 12 13 14 15 16 17 18 19 20 22 24 29 31
6105 3 7 8 10 12 13 14 19 26 33
3685 3 6 10
3710 1 3 4 5 6 7 8 10 12 16 19 20 22 24 25 26 29 30 31 32 33 34 35 36
6787 2 3 5 6 7 8 13 14 15 17 22 28 31 34 36
666 1 2 3 4 7 9 10 11 12 14 15 17 18 19 20 21 22 23 24 26 27 28 29 36
6246 3 14 24 25 27 30 31 32 33 34 35 36
6257 24 25 27 31 32 34 36
6261 1 2 3 4 5 6 7 8 9 11 12 13 14 16 17 19 20 21 22 24 27 29 31 32 33 34
6862 1 2 3 4 5 6 7 8 9 10 11 12 13 14 15 16 17 18 19 20 21 22 23 24 25 26 27 28 29 30 31 32 33 34 35 36
6932 6 9 12 16 19 22 23 26 29 30 32 34 35
6932 8
3669 1 3 4 5 6 7 10 12 16 19 20 25 30 32 34 35
1932 34
1838 34
1818 34
2945 2 3 13 17 19 21 29 33 35
7312 1 2 3 4 5 6 9 10 11 14 16 17 18 19 20 22 23 24 25 26 27 28 29 30 31 32 33
7267 3 4 6 9 11 12 15 16 17 18 19 20 21 22 23 24 25 26 27 30 32 33 34
7382 1 2 3 4 5 7 8 10 11 13 14 15 17 18 20 21 24 25 27 28 31 33
5045 2 3 4 5 6 7 8 9 10 11 12 13 14 15 16 17 18 19 20 21 22 23 24 25 26 27 28 29 30 31 32 33 34 35 36
5061 2 3 4 5 6 10 15 18 21 24 25 26
4828 1 8 13 14 23 24 26 31 35
4356 5 7 8 13 20 26 29 30 33 35
4264 14 18 19 22 24 27 31 36
6152 30 35
696 1 5 6 14 17 18 19 21 24 26 28 30 32 33 34 35 36
735 2 3 4 5 6 7 8 9 10 11 12 13 14 15 16 17 18 19 21 22 23 24 25 27 28 29 30 31 32 33 34 35 36
5979 1 2 3 4 5 6 7 9 10 11 13 14 15 16 18 20 21 23 24 25 32
696 2 3 4 7 8 9 10 11 12 13 15 16 20 22 23 25 27 29 31
3685 1 4 12 16 19 20 22 26 30 31 32 33 34 35
157 1 3 4 10 12 14 16 17 23 24 25 27 28 30 33 35
1131 2 3 4 5 6 7 8 9 10 11 13 14 16 17 18 19 21 25 26 27 30 34
1196 2 3 4 5 6 7 8 9 10 13 14 16 17 18 19 24 25 26 30 34 35
1035 4 5 6 13 14 17 18 19 26 27 28 30 32 33 34 35 36
7002 1 2 3 4 5 7 10 11 13 14 15 17 18 20 21 24 25 27 28 31 33 36
1882 1 4 6 7 8 10 11 12 13 14 16 17 19 20 22 23 24 25 29 30 31 32 33
1973 1 4 6 7 8 10 11 12 13 14 16 17 18 19 20 22 23 24 25 29 30 32
6154 30 35
5794 1 2 3 4 5 6 7 8 9 10 11 12 13 14 15 16 17 18 19 20 21 22 23 24 25 26 27 28 29 30 31 32 33 34 35 36
5754 2 3 4 5 6 7 8 9 10 11 12 13 14 15 16 17 18 19 20 21 22 23 24 25 26 27 28 29 30 31 32 33 34 35 36
1493 1 2 3 4 5 6 7 8 9 10 11 12 13 14 15 16 17 18 19 20 21 22 23 24
3885 1 7 8 12 13 18 26 28 32 33
3982 3 4 8 9 11 12 15 16 17 20 21 23 24 25 29 36
3745 29 30 32 35
3034 3 5 8 12 16 20 24 28
6291 1 3 5 6 9 10 11 12 13 14 16 17 18 19 20 23 24 25 26 31 33 34
6337 2 4 7 8 12 15 17 18 19 20 21 22 26 27 28 29 30 31 32 35 36
4129 20 21 22 23 24 25 26 27 28 29 30 31 32
3178 21 22 23 24 25 26 27 28 31 33 35 36
3333 1 2 3 5 8 10 14 18 20 21 23 24 25 28 30
3311 1 2 3 5 8 10 14 18 20 21 23 24 25 26 28 29 30 31 32 33 34
3387 1 2 3 4 5 6 7 8 9 10 11 12 13 14 15 16 17 18 19 20 22 23 24 26 27 34
3178 1 2 3 4 5 6 7 8 9 10 11 12 13 15 16 18
3224 21 22 23 24 25 26 27 28 31 33 36
610 2 3 4 7 8 9 10 11 12 13 15 16 20 22 23 25 27 29 31
1760 2 3 5 9 15 21 26 27 28 34 35 36
1822 1 4 6 7 8 10 11 12 13 14 16 17 18 19 20 22 23 24 25 29
6152 1 2 4 5 6 9 11 15 16 17 18 20 21 22 23 24 25 27 28 29 31 32 34 36
1035 1 2 3 7 8 9 10 11 12 15 16 20 21 22 23 24 25 29 31
1120 1 20
0 11 24
5814 1 2 3 4 5 6 7 8 9 10 11 12 13 14 15 16 17 18 19 20 21 22 23 24 25 26 27 28 29 30 31 32 33 35
3218 1 2 3 4 5 6 7 8 9 10 11 12 13 14 15 16 17 18 19 20 29 30 32 34
3445 1 2 3 4 6 7 8 9 10 11 12 13 14 15 16 17 18 19 20 22 23 24 25 26 27 28 29 30 32 34 36
2652 19 20
2962 1 4 5 6 7 8 9 10 11 12 14 15 16 18 20 22 23 24 25 26 27 30 31 32 34 36
352 1 3 5 9 14 15 17 19 25 28 30 36
517 1 2 3 4 5 6 7 8 9 10 11 12 13 14 15 16 17 18 19 20 21 22 23 24 25 26 27 28 29 36
421 1 2 3 5 8 9 11 14 15 17 31 34
6666 1 2 3 4 5 6 7 8 9 10 11 12 13 14 15 16 17 18 19 20 21 22 23 24 25 26 27 28 29 31 32 33
6601 1 2 4 7 8 9 10 11 12 13 14 15 16 17 18 19 20 21 22 26 28 29 30 35
4222 1 2 3 5 7 8 9 12 13 16 20 21 26 29 30 33 35
3852 1 2 3 4 5 6 7 8 9 10 11 12 13 14 15 16 17 18 19 22 23 24 25 26 27 28 29 30 31 32 34 35 36
3946 1 2 10 13 14 18 19 22 26 28 30 33 34
3885 2 4 6 9 10 11 14 16 17 19 21 22 27 30 31 34 36
4410 1 2 3 4 5 6 7 8 9 10 11 12 13 14 15 16 17 18 19 20 21 22 23 24 25 26 27 28 29 30 31 32 33 34 35 36
4356 1 2 3 6 9 12 16 21 24
4386 1 6 10 11 14 15 17 18 19 22 23 25 27 28 31 32 34 36
2606 25
2965 1 4 6 7 8 9 10 11 14 15 18 22 23 25 26 27 30 31 34 36
2965 5 12 16 20 24 28 32
5657 1 4 6 9 11 16 20 24 25 26 27 34 36
138 6 7 18 22 29 31 34 36
45 2 3 10 12 14 15 17 18 19 23 27 28 30 35 36
126 2 5 6 9 12 13 15 18 19 25 30 31 32
